{"/Users/poornimabadrinath/Desktop/Desktopbackup/GitHub/osm-compare/tests/test_compare_function.js":{"path":"/Users/poornimabadrinath/Desktop/Desktopbackup/GitHub/osm-compare/tests/test_compare_function.js","s":{"1":1,"2":1,"3":1,"4":1,"5":1,"6":1,"7":1,"8":1,"9":1,"10":0,"11":0,"12":0,"13":0,"14":0,"15":0,"16":0,"17":0,"18":0,"19":0,"20":0,"21":0,"22":0,"23":0},"b":{"1":[1,0],"2":[0,0],"3":[0,0]},"f":{"1":1,"2":0,"3":0},"fnMap":{"1":{"name":"(anonymous_1)","line":8,"loc":{"start":{"line":8,"column":1},"end":{"line":8,"column":12}}},"2":{"name":"(anonymous_2)","line":27,"loc":{"start":{"line":27,"column":28},"end":{"line":27,"column":46}}},"3":{"name":"(anonymous_3)","line":31,"loc":{"start":{"line":31,"column":6},"end":{"line":31,"column":30}}}},"statementMap":{"1":{"start":{"line":3,"column":0},"end":{"line":3,"column":23}},"2":{"start":{"line":4,"column":0},"end":{"line":4,"column":27}},"3":{"start":{"line":5,"column":0},"end":{"line":5,"column":35}},"4":{"start":{"line":6,"column":0},"end":{"line":6,"column":38}},"5":{"start":{"line":7,"column":0},"end":{"line":7,"column":27}},"6":{"start":{"line":8,"column":0},"end":{"line":44,"column":5}},"7":{"start":{"line":9,"column":2},"end":{"line":12,"column":3}},"8":{"start":{"line":10,"column":4},"end":{"line":10,"column":77}},"9":{"start":{"line":11,"column":4},"end":{"line":11,"column":11}},"10":{"start":{"line":14,"column":2},"end":{"line":21,"column":6}},"11":{"start":{"line":23,"column":2},"end":{"line":23,"column":33}},"12":{"start":{"line":24,"column":2},"end":{"line":24,"column":80}},"13":{"start":{"line":25,"column":2},"end":{"line":25,"column":62}},"14":{"start":{"line":27,"column":2},"end":{"line":43,"column":5}},"15":{"start":{"line":28,"column":4},"end":{"line":42,"column":6}},"16":{"start":{"line":32,"column":8},"end":{"line":32,"column":41}},"17":{"start":{"line":33,"column":8},"end":{"line":33,"column":56}},"18":{"start":{"line":34,"column":8},"end":{"line":34,"column":38}},"19":{"start":{"line":34,"column":19},"end":{"line":34,"column":38}},"20":{"start":{"line":35,"column":8},"end":{"line":35,"column":60}},"21":{"start":{"line":36,"column":8},"end":{"line":40,"column":9}},"22":{"start":{"line":37,"column":10},"end":{"line":37,"column":62}},"23":{"start":{"line":39,"column":10},"end":{"line":39,"column":65}}},"branchMap":{"1":{"line":9,"type":"if","locations":[{"start":{"line":9,"column":2},"end":{"line":9,"column":2}},{"start":{"line":9,"column":2},"end":{"line":9,"column":2}}]},"2":{"line":34,"type":"if","locations":[{"start":{"line":34,"column":8},"end":{"line":34,"column":8}},{"start":{"line":34,"column":8},"end":{"line":34,"column":8}}]},"3":{"line":36,"type":"if","locations":[{"start":{"line":36,"column":8},"end":{"line":36,"column":8}},{"start":{"line":36,"column":8},"end":{"line":36,"column":8}}]}}},"/Users/poornimabadrinath/Desktop/Desktopbackup/GitHub/osm-compare/index.js":{"path":"/Users/poornimabadrinath/Desktop/Desktopbackup/GitHub/osm-compare/index.js","s":{"1":1,"2":1},"b":{},"f":{},"fnMap":{},"statementMap":{"1":{"start":{"line":3,"column":0},"end":{"line":3,"column":41}},"2":{"start":{"line":5,"column":0},"end":{"line":50,"column":2}}},"branchMap":{}},"/Users/poornimabadrinath/Desktop/Desktopbackup/GitHub/osm-compare/lib/wrapsync.js":{"path":"/Users/poornimabadrinath/Desktop/Desktopbackup/GitHub/osm-compare/lib/wrapsync.js","s":{"1":1,"2":20,"3":0,"4":0,"5":0,"6":0,"7":1},"b":{},"f":{"1":20,"2":0},"fnMap":{"1":{"name":"(anonymous_1)","line":8,"loc":{"start":{"line":8,"column":15},"end":{"line":8,"column":36}}},"2":{"name":"(anonymous_2)","line":9,"loc":{"start":{"line":9,"column":9},"end":{"line":9,"column":52}}}},"statementMap":{"1":{"start":{"line":8,"column":0},"end":{"line":17,"column":2}},"2":{"start":{"line":9,"column":2},"end":{"line":16,"column":4}},"3":{"start":{"line":10,"column":4},"end":{"line":15,"column":5}},"4":{"start":{"line":11,"column":6},"end":{"line":11,"column":54}},"5":{"start":{"line":12,"column":6},"end":{"line":12,"column":36}},"6":{"start":{"line":14,"column":6},"end":{"line":14,"column":27}},"7":{"start":{"line":19,"column":0},"end":{"line":19,"column":26}}},"branchMap":{}},"/Users/poornimabadrinath/Desktop/Desktopbackup/GitHub/osm-compare/comparators/disputed_border_tag_changed.js":{"path":"/Users/poornimabadrinath/Desktop/Desktopbackup/GitHub/osm-compare/comparators/disputed_border_tag_changed.js","s":{"1":1,"2":1,"3":0,"4":0,"5":0,"6":0,"7":0,"8":0,"9":0},"b":{"1":[0,0],"2":[0,0],"3":[0,0],"4":[0,0],"5":[0,0],"6":[0,0],"7":[0,0]},"f":{"1":0},"fnMap":{"1":{"name":"disputedBorderTagChanged","line":4,"loc":{"start":{"line":4,"column":0},"end":{"line":4,"column":58}}}},"statementMap":{"1":{"start":{"line":2,"column":0},"end":{"line":2,"column":42}},"2":{"start":{"line":4,"column":0},"end":{"line":27,"column":1}},"3":{"start":{"line":5,"column":2},"end":{"line":8,"column":3}},"4":{"start":{"line":7,"column":4},"end":{"line":7,"column":17}},"5":{"start":{"line":9,"column":2},"end":{"line":24,"column":3}},"6":{"start":{"line":16,"column":4},"end":{"line":23,"column":5}},"7":{"start":{"line":17,"column":6},"end":{"line":22,"column":7}},"8":{"start":{"line":18,"column":8},"end":{"line":21,"column":10}},"9":{"start":{"line":26,"column":2},"end":{"line":26,"column":15}}},"branchMap":{"1":{"line":5,"type":"if","locations":[{"start":{"line":5,"column":2},"end":{"line":5,"column":2}},{"start":{"line":5,"column":2},"end":{"line":5,"column":2}}]},"2":{"line":5,"type":"binary-expr","locations":[{"start":{"line":5,"column":6},"end":{"line":5,"column":24}},{"start":{"line":5,"column":28},"end":{"line":5,"column":39}}]},"3":{"line":9,"type":"if","locations":[{"start":{"line":9,"column":2},"end":{"line":9,"column":2}},{"start":{"line":9,"column":2},"end":{"line":9,"column":2}}]},"4":{"line":9,"type":"binary-expr","locations":[{"start":{"line":9,"column":6},"end":{"line":9,"column":25}},{"start":{"line":9,"column":29},"end":{"line":9,"column":39}}]},"5":{"line":16,"type":"if","locations":[{"start":{"line":16,"column":4},"end":{"line":16,"column":4}},{"start":{"line":16,"column":4},"end":{"line":16,"column":4}}]},"6":{"line":16,"type":"binary-expr","locations":[{"start":{"line":16,"column":8},"end":{"line":16,"column":29}},{"start":{"line":16,"column":33},"end":{"line":16,"column":66}}]},"7":{"line":17,"type":"if","locations":[{"start":{"line":17,"column":6},"end":{"line":17,"column":6}},{"start":{"line":17,"column":6},"end":{"line":17,"column":6}}]}}},"/Users/poornimabadrinath/Desktop/Desktopbackup/GitHub/osm-compare/comparators/disputed_border_deleted.js":{"path":"/Users/poornimabadrinath/Desktop/Desktopbackup/GitHub/osm-compare/comparators/disputed_border_deleted.js","s":{"1":1,"2":1,"3":0,"4":0,"5":0,"6":0,"7":0,"8":0},"b":{"1":[0,0],"2":[0,0],"3":[0,0],"4":[0,0],"5":[0,0],"6":[0,0]},"f":{"1":0},"fnMap":{"1":{"name":"disputedBorderDeleted","line":4,"loc":{"start":{"line":4,"column":0},"end":{"line":4,"column":55}}}},"statementMap":{"1":{"start":{"line":2,"column":0},"end":{"line":2,"column":39}},"2":{"start":{"line":4,"column":0},"end":{"line":24,"column":1}},"3":{"start":{"line":5,"column":2},"end":{"line":8,"column":3}},"4":{"start":{"line":7,"column":4},"end":{"line":7,"column":17}},"5":{"start":{"line":9,"column":2},"end":{"line":21,"column":3}},"6":{"start":{"line":15,"column":4},"end":{"line":20,"column":5}},"7":{"start":{"line":16,"column":6},"end":{"line":19,"column":8}},"8":{"start":{"line":23,"column":2},"end":{"line":23,"column":15}}},"branchMap":{"1":{"line":5,"type":"if","locations":[{"start":{"line":5,"column":2},"end":{"line":5,"column":2}},{"start":{"line":5,"column":2},"end":{"line":5,"column":2}}]},"2":{"line":5,"type":"binary-expr","locations":[{"start":{"line":5,"column":6},"end":{"line":5,"column":24}},{"start":{"line":5,"column":28},"end":{"line":5,"column":39}}]},"3":{"line":9,"type":"if","locations":[{"start":{"line":9,"column":2},"end":{"line":9,"column":2}},{"start":{"line":9,"column":2},"end":{"line":9,"column":2}}]},"4":{"line":9,"type":"binary-expr","locations":[{"start":{"line":9,"column":6},"end":{"line":9,"column":24}},{"start":{"line":9,"column":28},"end":{"line":9,"column":38}}]},"5":{"line":15,"type":"if","locations":[{"start":{"line":15,"column":4},"end":{"line":15,"column":4}},{"start":{"line":15,"column":4},"end":{"line":15,"column":4}}]},"6":{"line":15,"type":"binary-expr","locations":[{"start":{"line":15,"column":8},"end":{"line":15,"column":29}},{"start":{"line":15,"column":33},"end":{"line":15,"column":66}}]}}},"/Users/poornimabadrinath/Desktop/Desktopbackup/GitHub/osm-compare/comparators/invalid_highway_tags.js":{"path":"/Users/poornimabadrinath/Desktop/Desktopbackup/GitHub/osm-compare/comparators/invalid_highway_tags.js","s":{"1":1,"2":1,"3":0,"4":0,"5":0,"6":0},"b":{"1":[0,0],"2":[0,0,0,0]},"f":{"1":0},"fnMap":{"1":{"name":"invalidHighwayTags","line":4,"loc":{"start":{"line":4,"column":0},"end":{"line":4,"column":52}}}},"statementMap":{"1":{"start":{"line":2,"column":0},"end":{"line":2,"column":36}},"2":{"start":{"line":4,"column":0},"end":{"line":58,"column":1}},"3":{"start":{"line":5,"column":2},"end":{"line":48,"column":4}},"4":{"start":{"line":49,"column":2},"end":{"line":56,"column":3}},"5":{"start":{"line":55,"column":4},"end":{"line":55,"column":49}},"6":{"start":{"line":57,"column":2},"end":{"line":57,"column":15}}},"branchMap":{"1":{"line":49,"type":"if","locations":[{"start":{"line":49,"column":2},"end":{"line":49,"column":2}},{"start":{"line":49,"column":2},"end":{"line":49,"column":2}}]},"2":{"line":50,"type":"binary-expr","locations":[{"start":{"line":50,"column":4},"end":{"line":50,"column":23}},{"start":{"line":51,"column":4},"end":{"line":51,"column":25}},{"start":{"line":52,"column":4},"end":{"line":52,"column":36}},{"start":{"line":53,"column":4},"end":{"line":53,"column":66}}]}}},"/Users/poornimabadrinath/Desktop/Desktopbackup/GitHub/osm-compare/comparators/large_building.js":{"path":"/Users/poornimabadrinath/Desktop/Desktopbackup/GitHub/osm-compare/comparators/large_building.js","s":{"1":1,"2":1,"3":1,"4":0,"5":0,"6":0,"7":0,"8":0,"9":0},"b":{"1":[0,0],"2":[0,0,0],"3":[0,0],"4":[0,0]},"f":{"1":0},"fnMap":{"1":{"name":"largeBuilding","line":6,"loc":{"start":{"line":6,"column":0},"end":{"line":6,"column":47}}}},"statementMap":{"1":{"start":{"line":3,"column":0},"end":{"line":3,"column":36}},"2":{"start":{"line":4,"column":0},"end":{"line":4,"column":31}},"3":{"start":{"line":6,"column":0},"end":{"line":20,"column":1}},"4":{"start":{"line":7,"column":2},"end":{"line":13,"column":3}},"5":{"start":{"line":12,"column":4},"end":{"line":12,"column":17}},"6":{"start":{"line":14,"column":2},"end":{"line":14,"column":34}},"7":{"start":{"line":16,"column":2},"end":{"line":18,"column":3}},"8":{"start":{"line":17,"column":4},"end":{"line":17,"column":43}},"9":{"start":{"line":19,"column":2},"end":{"line":19,"column":15}}},"branchMap":{"1":{"line":7,"type":"if","locations":[{"start":{"line":7,"column":2},"end":{"line":7,"column":2}},{"start":{"line":7,"column":2},"end":{"line":7,"column":2}}]},"2":{"line":8,"type":"binary-expr","locations":[{"start":{"line":8,"column":4},"end":{"line":8,"column":22}},{"start":{"line":9,"column":4},"end":{"line":9,"column":42}},{"start":{"line":10,"column":4},"end":{"line":10,"column":35}}]},"3":{"line":16,"type":"if","locations":[{"start":{"line":16,"column":2},"end":{"line":16,"column":2}},{"start":{"line":16,"column":2},"end":{"line":16,"column":2}}]},"4":{"line":16,"type":"binary-expr","locations":[{"start":{"line":16,"column":6},"end":{"line":16,"column":20}},{"start":{"line":16,"column":24},"end":{"line":16,"column":72}}]}}},"/Users/poornimabadrinath/Desktop/Desktopbackup/GitHub/osm-compare/comparators/major_road_changed.js":{"path":"/Users/poornimabadrinath/Desktop/Desktopbackup/GitHub/osm-compare/comparators/major_road_changed.js","s":{"1":1,"2":1,"3":1,"4":0,"5":1,"6":0,"7":1,"8":0,"9":0,"10":1,"11":0,"12":0,"13":0,"14":0,"15":0,"16":0,"17":0,"18":0,"19":0,"20":0,"21":0,"22":0,"23":0,"24":0,"25":0,"26":0,"27":1},"b":{"1":[0,0],"2":[0,0],"3":[0,0],"4":[0,0],"5":[0,0],"6":[0,0],"7":[0,0],"8":[0,0],"9":[0,0],"10":[0,0],"11":[0,0],"12":[0,0],"13":[0,0]},"f":{"1":0,"2":0,"3":0,"4":0},"fnMap":{"1":{"name":"getHighwayType","line":18,"loc":{"start":{"line":18,"column":0},"end":{"line":18,"column":33}}},"2":{"name":"getVersion","line":22,"loc":{"start":{"line":22,"column":0},"end":{"line":22,"column":29}}},"3":{"name":"isMajorRoad","line":26,"loc":{"start":{"line":26,"column":0},"end":{"line":26,"column":30}}},"4":{"name":"majorRoadChanged","line":31,"loc":{"start":{"line":31,"column":0},"end":{"line":31,"column":50}}}},"statementMap":{"1":{"start":{"line":3,"column":0},"end":{"line":3,"column":31}},"2":{"start":{"line":5,"column":0},"end":{"line":16,"column":2}},"3":{"start":{"line":18,"column":0},"end":{"line":20,"column":1}},"4":{"start":{"line":19,"column":2},"end":{"line":19,"column":36}},"5":{"start":{"line":22,"column":0},"end":{"line":24,"column":1}},"6":{"start":{"line":23,"column":2},"end":{"line":23,"column":43}},"7":{"start":{"line":26,"column":0},"end":{"line":29,"column":1}},"8":{"start":{"line":27,"column":2},"end":{"line":27,"column":44}},"9":{"start":{"line":28,"column":2},"end":{"line":28,"column":54}},"10":{"start":{"line":31,"column":0},"end":{"line":72,"column":1}},"11":{"start":{"line":32,"column":2},"end":{"line":34,"column":3}},"12":{"start":{"line":33,"column":4},"end":{"line":33,"column":17}},"13":{"start":{"line":36,"column":2},"end":{"line":38,"column":3}},"14":{"start":{"line":37,"column":4},"end":{"line":37,"column":17}},"15":{"start":{"line":40,"column":2},"end":{"line":40,"column":48}},"16":{"start":{"line":41,"column":2},"end":{"line":41,"column":50}},"17":{"start":{"line":43,"column":2},"end":{"line":58,"column":3}},"18":{"start":{"line":44,"column":4},"end":{"line":44,"column":50}},"19":{"start":{"line":45,"column":4},"end":{"line":45,"column":52}},"20":{"start":{"line":47,"column":4},"end":{"line":57,"column":5}},"21":{"start":{"line":48,"column":6},"end":{"line":56,"column":7}},"22":{"start":{"line":49,"column":8},"end":{"line":55,"column":10}},"23":{"start":{"line":60,"column":2},"end":{"line":69,"column":3}},"24":{"start":{"line":61,"column":4},"end":{"line":68,"column":5}},"25":{"start":{"line":62,"column":6},"end":{"line":67,"column":8}},"26":{"start":{"line":71,"column":2},"end":{"line":71,"column":15}},"27":{"start":{"line":74,"column":0},"end":{"line":74,"column":34}}},"branchMap":{"1":{"line":32,"type":"if","locations":[{"start":{"line":32,"column":2},"end":{"line":32,"column":2}},{"start":{"line":32,"column":2},"end":{"line":32,"column":2}}]},"2":{"line":32,"type":"binary-expr","locations":[{"start":{"line":32,"column":6},"end":{"line":32,"column":17}},{"start":{"line":32,"column":21},"end":{"line":32,"column":39}}]},"3":{"line":36,"type":"if","locations":[{"start":{"line":36,"column":2},"end":{"line":36,"column":2}},{"start":{"line":36,"column":2},"end":{"line":36,"column":2}}]},"4":{"line":36,"type":"binary-expr","locations":[{"start":{"line":36,"column":6},"end":{"line":36,"column":17}},{"start":{"line":36,"column":21},"end":{"line":36,"column":40}}]},"5":{"line":43,"type":"if","locations":[{"start":{"line":43,"column":2},"end":{"line":43,"column":2}},{"start":{"line":43,"column":2},"end":{"line":43,"column":2}}]},"6":{"line":43,"type":"binary-expr","locations":[{"start":{"line":43,"column":6},"end":{"line":43,"column":16}},{"start":{"line":43,"column":20},"end":{"line":43,"column":39}}]},"7":{"line":47,"type":"if","locations":[{"start":{"line":47,"column":4},"end":{"line":47,"column":4}},{"start":{"line":47,"column":4},"end":{"line":47,"column":4}}]},"8":{"line":47,"type":"binary-expr","locations":[{"start":{"line":47,"column":8},"end":{"line":47,"column":48}},{"start":{"line":47,"column":52},"end":{"line":47,"column":75}}]},"9":{"line":48,"type":"if","locations":[{"start":{"line":48,"column":6},"end":{"line":48,"column":6}},{"start":{"line":48,"column":6},"end":{"line":48,"column":6}}]},"10":{"line":60,"type":"if","locations":[{"start":{"line":60,"column":2},"end":{"line":60,"column":2}},{"start":{"line":60,"column":2},"end":{"line":60,"column":2}}]},"11":{"line":60,"type":"binary-expr","locations":[{"start":{"line":60,"column":6},"end":{"line":60,"column":16}},{"start":{"line":60,"column":20},"end":{"line":60,"column":38}}]},"12":{"line":61,"type":"if","locations":[{"start":{"line":61,"column":4},"end":{"line":61,"column":4}},{"start":{"line":61,"column":4},"end":{"line":61,"column":4}}]},"13":{"line":61,"type":"binary-expr","locations":[{"start":{"line":61,"column":8},"end":{"line":61,"column":48}},{"start":{"line":61,"column":52},"end":{"line":61,"column":75}}]}}},"/Users/poornimabadrinath/Desktop/Desktopbackup/GitHub/osm-compare/comparators/path_road_changed.js":{"path":"/Users/poornimabadrinath/Desktop/Desktopbackup/GitHub/osm-compare/comparators/path_road_changed.js","s":{"1":1,"2":1,"3":0,"4":1,"5":0,"6":0,"7":1,"8":0,"9":0,"10":0,"11":0,"12":0,"13":0,"14":0,"15":0,"16":0,"17":0,"18":0,"19":0,"20":0,"21":0,"22":1},"b":{"1":[0,0],"2":[0,0],"3":[0,0],"4":[0,0],"5":[0,0],"6":[0,0],"7":[0,0],"8":[0,0],"9":[0,0],"10":[0,0],"11":[0,0],"12":[0,0]},"f":{"1":0,"2":0,"3":0},"fnMap":{"1":{"name":"getHighwayType","line":5,"loc":{"start":{"line":5,"column":0},"end":{"line":5,"column":33}}},"2":{"name":"isPathRoad","line":9,"loc":{"start":{"line":9,"column":0},"end":{"line":9,"column":29}}},"3":{"name":"pathRoadChanged","line":14,"loc":{"start":{"line":14,"column":0},"end":{"line":14,"column":49}}}},"statementMap":{"1":{"start":{"line":3,"column":0},"end":{"line":3,"column":68}},"2":{"start":{"line":5,"column":0},"end":{"line":7,"column":1}},"3":{"start":{"line":6,"column":2},"end":{"line":6,"column":36}},"4":{"start":{"line":9,"column":0},"end":{"line":12,"column":1}},"5":{"start":{"line":10,"column":2},"end":{"line":10,"column":44}},"6":{"start":{"line":11,"column":2},"end":{"line":11,"column":53}},"7":{"start":{"line":14,"column":0},"end":{"line":52,"column":1}},"8":{"start":{"line":15,"column":2},"end":{"line":17,"column":3}},"9":{"start":{"line":16,"column":4},"end":{"line":16,"column":17}},"10":{"start":{"line":19,"column":2},"end":{"line":22,"column":3}},"11":{"start":{"line":21,"column":4},"end":{"line":21,"column":17}},"12":{"start":{"line":24,"column":2},"end":{"line":32,"column":3}},"13":{"start":{"line":25,"column":4},"end":{"line":31,"column":5}},"14":{"start":{"line":26,"column":6},"end":{"line":30,"column":8}},"15":{"start":{"line":34,"column":2},"end":{"line":49,"column":3}},"16":{"start":{"line":35,"column":4},"end":{"line":35,"column":52}},"17":{"start":{"line":36,"column":4},"end":{"line":36,"column":52}},"18":{"start":{"line":38,"column":4},"end":{"line":48,"column":5}},"19":{"start":{"line":39,"column":6},"end":{"line":47,"column":7}},"20":{"start":{"line":40,"column":8},"end":{"line":46,"column":10}},"21":{"start":{"line":51,"column":2},"end":{"line":51,"column":15}},"22":{"start":{"line":54,"column":0},"end":{"line":54,"column":33}}},"branchMap":{"1":{"line":15,"type":"if","locations":[{"start":{"line":15,"column":2},"end":{"line":15,"column":2}},{"start":{"line":15,"column":2},"end":{"line":15,"column":2}}]},"2":{"line":15,"type":"binary-expr","locations":[{"start":{"line":15,"column":6},"end":{"line":15,"column":17}},{"start":{"line":15,"column":21},"end":{"line":15,"column":39}}]},"3":{"line":19,"type":"if","locations":[{"start":{"line":19,"column":2},"end":{"line":19,"column":2}},{"start":{"line":19,"column":2},"end":{"line":19,"column":2}}]},"4":{"line":19,"type":"binary-expr","locations":[{"start":{"line":19,"column":6},"end":{"line":19,"column":16}},{"start":{"line":19,"column":20},"end":{"line":19,"column":38}}]},"5":{"line":24,"type":"if","locations":[{"start":{"line":24,"column":2},"end":{"line":24,"column":2}},{"start":{"line":24,"column":2},"end":{"line":24,"column":2}}]},"6":{"line":24,"type":"binary-expr","locations":[{"start":{"line":24,"column":6},"end":{"line":24,"column":17}},{"start":{"line":24,"column":21},"end":{"line":24,"column":40}}]},"7":{"line":25,"type":"if","locations":[{"start":{"line":25,"column":4},"end":{"line":25,"column":4}},{"start":{"line":25,"column":4},"end":{"line":25,"column":4}}]},"8":{"line":34,"type":"if","locations":[{"start":{"line":34,"column":2},"end":{"line":34,"column":2}},{"start":{"line":34,"column":2},"end":{"line":34,"column":2}}]},"9":{"line":34,"type":"binary-expr","locations":[{"start":{"line":34,"column":6},"end":{"line":34,"column":16}},{"start":{"line":34,"column":20},"end":{"line":34,"column":39}}]},"10":{"line":38,"type":"if","locations":[{"start":{"line":38,"column":4},"end":{"line":38,"column":4}},{"start":{"line":38,"column":4},"end":{"line":38,"column":4}}]},"11":{"line":38,"type":"binary-expr","locations":[{"start":{"line":38,"column":8},"end":{"line":38,"column":30}},{"start":{"line":38,"column":34},"end":{"line":38,"column":56}}]},"12":{"line":39,"type":"if","locations":[{"start":{"line":39,"column":6},"end":{"line":39,"column":6}},{"start":{"line":39,"column":6},"end":{"line":39,"column":6}}]}}},"/Users/poornimabadrinath/Desktop/Desktopbackup/GitHub/osm-compare/comparators/major_lake_modified.js":{"path":"/Users/poornimabadrinath/Desktop/Desktopbackup/GitHub/osm-compare/comparators/major_lake_modified.js","s":{"1":1,"2":1,"3":1,"4":0,"5":0,"6":0,"7":0,"8":0,"9":0,"10":0,"11":0,"12":0,"13":0,"14":0,"15":0,"16":0,"17":0},"b":{"1":[0,0],"2":[0,0],"3":[0,0],"4":[0,0,0],"5":[0,0],"6":[0,0]},"f":{"1":0},"fnMap":{"1":{"name":"majorLakeModified","line":49,"loc":{"start":{"line":49,"column":0},"end":{"line":49,"column":51}}}},"statementMap":{"1":{"start":{"line":3,"column":0},"end":{"line":45,"column":2}},"2":{"start":{"line":47,"column":0},"end":{"line":47,"column":35}},"3":{"start":{"line":49,"column":0},"end":{"line":74,"column":1}},"4":{"start":{"line":50,"column":2},"end":{"line":50,"column":15}},"5":{"start":{"line":51,"column":2},"end":{"line":57,"column":3}},"6":{"start":{"line":52,"column":4},"end":{"line":52,"column":21}},"7":{"start":{"line":53,"column":9},"end":{"line":57,"column":3}},"8":{"start":{"line":54,"column":4},"end":{"line":54,"column":21}},"9":{"start":{"line":56,"column":4},"end":{"line":56,"column":17}},"10":{"start":{"line":58,"column":2},"end":{"line":62,"column":3}},"11":{"start":{"line":61,"column":4},"end":{"line":61,"column":17}},"12":{"start":{"line":63,"column":2},"end":{"line":63,"column":29}},"13":{"start":{"line":64,"column":2},"end":{"line":64,"column":34}},"14":{"start":{"line":65,"column":2},"end":{"line":65,"column":30}},"15":{"start":{"line":66,"column":2},"end":{"line":73,"column":3}},"16":{"start":{"line":67,"column":4},"end":{"line":70,"column":6}},"17":{"start":{"line":72,"column":4},"end":{"line":72,"column":17}}},"branchMap":{"1":{"line":51,"type":"if","locations":[{"start":{"line":51,"column":2},"end":{"line":51,"column":2}},{"start":{"line":51,"column":2},"end":{"line":51,"column":2}}]},"2":{"line":53,"type":"if","locations":[{"start":{"line":53,"column":9},"end":{"line":53,"column":9}},{"start":{"line":53,"column":9},"end":{"line":53,"column":9}}]},"3":{"line":58,"type":"if","locations":[{"start":{"line":58,"column":2},"end":{"line":58,"column":2}},{"start":{"line":58,"column":2},"end":{"line":58,"column":2}}]},"4":{"line":59,"type":"binary-expr","locations":[{"start":{"line":59,"column":4},"end":{"line":59,"column":19}},{"start":{"line":59,"column":23},"end":{"line":59,"column":50}},{"start":{"line":59,"column":54},"end":{"line":59,"column":79}}]},"5":{"line":66,"type":"if","locations":[{"start":{"line":66,"column":2},"end":{"line":66,"column":2}},{"start":{"line":66,"column":2},"end":{"line":66,"column":2}}]},"6":{"line":66,"type":"binary-expr","locations":[{"start":{"line":66,"column":6},"end":{"line":66,"column":28}},{"start":{"line":66,"column":32},"end":{"line":66,"column":61}}]}}},"/Users/poornimabadrinath/Desktop/Desktopbackup/GitHub/osm-compare/comparators/pokemon_footway.js":{"path":"/Users/poornimabadrinath/Desktop/Desktopbackup/GitHub/osm-compare/comparators/pokemon_footway.js","s":{"1":1,"2":1,"3":1,"4":1,"5":1,"6":0,"7":0,"8":0,"9":0,"10":0,"11":0,"12":0,"13":0,"14":0,"15":0,"16":0,"17":0,"18":0,"19":0,"20":0,"21":1,"22":0,"23":0,"24":0,"25":0,"26":0,"27":0,"28":0,"29":0,"30":0,"31":0},"b":{"1":[0,0],"2":[0,0],"3":[0,0],"4":[0,0],"5":[0,0],"6":[0,0],"7":[0,0,0,0],"8":[0,0],"9":[0,0]},"f":{"1":0,"2":0,"3":0,"4":0,"5":0,"6":0},"fnMap":{"1":{"name":"getAccountCreated","line":9,"loc":{"start":{"line":9,"column":0},"end":{"line":9,"column":45}}},"2":{"name":"(anonymous_2)","line":11,"loc":{"start":{"line":11,"column":15},"end":{"line":11,"column":47}}},"3":{"name":"(anonymous_3)","line":18,"loc":{"start":{"line":18,"column":27},"end":{"line":18,"column":45}}},"4":{"name":"(anonymous_4)","line":25,"loc":{"start":{"line":25,"column":23},"end":{"line":25,"column":34}}},"5":{"name":"pokemonFootway","line":36,"loc":{"start":{"line":36,"column":0},"end":{"line":36,"column":58}}},"6":{"name":"(anonymous_6)","line":48,"loc":{"start":{"line":48,"column":6},"end":{"line":48,"column":38}}}},"statementMap":{"1":{"start":{"line":3,"column":0},"end":{"line":3,"column":33}},"2":{"start":{"line":4,"column":0},"end":{"line":4,"column":31}},"3":{"start":{"line":5,"column":0},"end":{"line":5,"column":25}},"4":{"start":{"line":7,"column":0},"end":{"line":7,"column":32}},"5":{"start":{"line":9,"column":0},"end":{"line":34,"column":1}},"6":{"start":{"line":10,"column":2},"end":{"line":10,"column":67}},"7":{"start":{"line":11,"column":2},"end":{"line":33,"column":5}},"8":{"start":{"line":12,"column":4},"end":{"line":12,"column":38}},"9":{"start":{"line":12,"column":15},"end":{"line":12,"column":38}},"10":{"start":{"line":14,"column":4},"end":{"line":32,"column":5}},"11":{"start":{"line":15,"column":6},"end":{"line":15,"column":25}},"12":{"start":{"line":17,"column":6},"end":{"line":17,"column":42}},"13":{"start":{"line":18,"column":6},"end":{"line":24,"column":9}},"14":{"start":{"line":19,"column":8},"end":{"line":23,"column":9}},"15":{"start":{"line":22,"column":10},"end":{"line":22,"column":62}},"16":{"start":{"line":25,"column":6},"end":{"line":27,"column":9}},"17":{"start":{"line":26,"column":8},"end":{"line":26,"column":54}},"18":{"start":{"line":28,"column":6},"end":{"line":28,"column":25}},"19":{"start":{"line":29,"column":6},"end":{"line":29,"column":19}},"20":{"start":{"line":31,"column":6},"end":{"line":31,"column":34}},"21":{"start":{"line":36,"column":0},"end":{"line":65,"column":1}},"22":{"start":{"line":38,"column":2},"end":{"line":38,"column":43}},"23":{"start":{"line":40,"column":2},"end":{"line":64,"column":3}},"24":{"start":{"line":46,"column":4},"end":{"line":61,"column":6}},"25":{"start":{"line":49,"column":8},"end":{"line":52,"column":9}},"26":{"start":{"line":50,"column":10},"end":{"line":50,"column":37}},"27":{"start":{"line":51,"column":10},"end":{"line":51,"column":39}},"28":{"start":{"line":53,"column":8},"end":{"line":59,"column":9}},"29":{"start":{"line":54,"column":10},"end":{"line":56,"column":13}},"30":{"start":{"line":58,"column":10},"end":{"line":58,"column":39}},"31":{"start":{"line":63,"column":4},"end":{"line":63,"column":33}}},"branchMap":{"1":{"line":12,"type":"if","locations":[{"start":{"line":12,"column":4},"end":{"line":12,"column":4}},{"start":{"line":12,"column":4},"end":{"line":12,"column":4}}]},"2":{"line":14,"type":"if","locations":[{"start":{"line":14,"column":4},"end":{"line":14,"column":4}},{"start":{"line":14,"column":4},"end":{"line":14,"column":4}}]},"3":{"line":14,"type":"binary-expr","locations":[{"start":{"line":14,"column":8},"end":{"line":14,"column":14}},{"start":{"line":14,"column":18},"end":{"line":14,"column":45}}]},"4":{"line":19,"type":"if","locations":[{"start":{"line":19,"column":8},"end":{"line":19,"column":8}},{"start":{"line":19,"column":8},"end":{"line":19,"column":8}}]},"5":{"line":20,"type":"binary-expr","locations":[{"start":{"line":20,"column":10},"end":{"line":20,"column":33}},{"start":{"line":20,"column":37},"end":{"line":20,"column":76}}]},"6":{"line":40,"type":"if","locations":[{"start":{"line":40,"column":2},"end":{"line":40,"column":2}},{"start":{"line":40,"column":2},"end":{"line":40,"column":2}}]},"7":{"line":41,"type":"binary-expr","locations":[{"start":{"line":41,"column":4},"end":{"line":41,"column":23}},{"start":{"line":42,"column":4},"end":{"line":42,"column":25}},{"start":{"line":43,"column":4},"end":{"line":43,"column":47}},{"start":{"line":44,"column":4},"end":{"line":44,"column":46}}]},"8":{"line":49,"type":"if","locations":[{"start":{"line":49,"column":8},"end":{"line":49,"column":8}},{"start":{"line":49,"column":8},"end":{"line":49,"column":8}}]},"9":{"line":53,"type":"if","locations":[{"start":{"line":53,"column":8},"end":{"line":53,"column":8}},{"start":{"line":53,"column":8},"end":{"line":53,"column":8}}]}}},"/Users/poornimabadrinath/Desktop/Desktopbackup/GitHub/osm-compare/comparators/place_edited.js":{"path":"/Users/poornimabadrinath/Desktop/Desktopbackup/GitHub/osm-compare/comparators/place_edited.js","s":{"1":1,"2":1,"3":1,"4":0,"5":0,"6":0,"7":0,"8":0,"9":0,"10":0,"11":0,"12":0,"13":0,"14":0,"15":0,"16":0,"17":0,"18":0,"19":1,"20":0,"21":0,"22":1,"23":0,"24":0,"25":0,"26":0,"27":0,"28":1,"29":0,"30":0,"31":0,"32":0,"33":0,"34":0,"35":0,"36":0,"37":0,"38":0,"39":0,"40":0,"41":0,"42":0,"43":0,"44":0},"b":{"1":[0,0],"2":[0,0],"3":[0,0],"4":[0,0],"5":[0,0],"6":[0,0,0,0,0],"7":[0,0,0],"8":[0,0],"9":[0,0],"10":[0,0],"11":[0,0],"12":[0,0],"13":[0,0],"14":[0,0],"15":[0,0],"16":[0,0]},"f":{"1":0,"2":0,"3":0,"4":0},"fnMap":{"1":{"name":"placeEdited","line":17,"loc":{"start":{"line":17,"column":0},"end":{"line":17,"column":45}}},"2":{"name":"getIsPlace","line":43,"loc":{"start":{"line":43,"column":0},"end":{"line":43,"column":29}}},"3":{"name":"getGeometryChanged","line":50,"loc":{"start":{"line":50,"column":0},"end":{"line":50,"column":52}}},"4":{"name":"getNameChanged","line":61,"loc":{"start":{"line":61,"column":0},"end":{"line":61,"column":48}}}},"statementMap":{"1":{"start":{"line":2,"column":0},"end":{"line":2,"column":29}},"2":{"start":{"line":3,"column":0},"end":{"line":3,"column":26}},"3":{"start":{"line":17,"column":0},"end":{"line":41,"column":1}},"4":{"start":{"line":18,"column":2},"end":{"line":18,"column":37}},"5":{"start":{"line":19,"column":2},"end":{"line":19,"column":28}},"6":{"start":{"line":20,"column":2},"end":{"line":20,"column":44}},"7":{"start":{"line":21,"column":2},"end":{"line":27,"column":3}},"8":{"start":{"line":22,"column":4},"end":{"line":22,"column":37}},"9":{"start":{"line":23,"column":9},"end":{"line":27,"column":3}},"10":{"start":{"line":24,"column":4},"end":{"line":24,"column":37}},"11":{"start":{"line":26,"column":4},"end":{"line":26,"column":63}},"12":{"start":{"line":28,"column":2},"end":{"line":30,"column":3}},"13":{"start":{"line":29,"column":4},"end":{"line":29,"column":17}},"14":{"start":{"line":31,"column":2},"end":{"line":31,"column":63}},"15":{"start":{"line":32,"column":2},"end":{"line":32,"column":55}},"16":{"start":{"line":33,"column":2},"end":{"line":40,"column":3}},"17":{"start":{"line":35,"column":4},"end":{"line":37,"column":6}},"18":{"start":{"line":39,"column":4},"end":{"line":39,"column":17}},"19":{"start":{"line":43,"column":0},"end":{"line":48,"column":1}},"20":{"start":{"line":44,"column":2},"end":{"line":44,"column":47}},"21":{"start":{"line":45,"column":2},"end":{"line":47,"column":57}},"22":{"start":{"line":50,"column":0},"end":{"line":59,"column":1}},"23":{"start":{"line":51,"column":2},"end":{"line":53,"column":3}},"24":{"start":{"line":52,"column":4},"end":{"line":52,"column":17}},"25":{"start":{"line":54,"column":2},"end":{"line":54,"column":36}},"26":{"start":{"line":55,"column":2},"end":{"line":55,"column":36}},"27":{"start":{"line":58,"column":2},"end":{"line":58,"column":38}},"28":{"start":{"line":61,"column":0},"end":{"line":83,"column":1}},"29":{"start":{"line":62,"column":2},"end":{"line":64,"column":3}},"30":{"start":{"line":63,"column":4},"end":{"line":63,"column":17}},"31":{"start":{"line":65,"column":2},"end":{"line":65,"column":26}},"32":{"start":{"line":66,"column":2},"end":{"line":66,"column":39}},"33":{"start":{"line":67,"column":2},"end":{"line":67,"column":39}},"34":{"start":{"line":68,"column":2},"end":{"line":68,"column":69}},"35":{"start":{"line":69,"column":2},"end":{"line":81,"column":3}},"36":{"start":{"line":70,"column":4},"end":{"line":70,"column":28}},"37":{"start":{"line":71,"column":4},"end":{"line":80,"column":5}},"38":{"start":{"line":72,"column":6},"end":{"line":75,"column":7}},"39":{"start":{"line":73,"column":8},"end":{"line":73,"column":27}},"40":{"start":{"line":74,"column":8},"end":{"line":74,"column":14}},"41":{"start":{"line":76,"column":6},"end":{"line":79,"column":7}},"42":{"start":{"line":77,"column":8},"end":{"line":77,"column":27}},"43":{"start":{"line":78,"column":8},"end":{"line":78,"column":14}},"44":{"start":{"line":82,"column":2},"end":{"line":82,"column":21}}},"branchMap":{"1":{"line":21,"type":"if","locations":[{"start":{"line":21,"column":2},"end":{"line":21,"column":2}},{"start":{"line":21,"column":2},"end":{"line":21,"column":2}}]},"2":{"line":23,"type":"if","locations":[{"start":{"line":23,"column":9},"end":{"line":23,"column":9}},{"start":{"line":23,"column":9},"end":{"line":23,"column":9}}]},"3":{"line":26,"type":"binary-expr","locations":[{"start":{"line":26,"column":14},"end":{"line":26,"column":36}},{"start":{"line":26,"column":40},"end":{"line":26,"column":62}}]},"4":{"line":28,"type":"if","locations":[{"start":{"line":28,"column":2},"end":{"line":28,"column":2}},{"start":{"line":28,"column":2},"end":{"line":28,"column":2}}]},"5":{"line":33,"type":"if","locations":[{"start":{"line":33,"column":2},"end":{"line":33,"column":2}},{"start":{"line":33,"column":2},"end":{"line":33,"column":2}}]},"6":{"line":33,"type":"binary-expr","locations":[{"start":{"line":33,"column":6},"end":{"line":33,"column":13}},{"start":{"line":33,"column":18},"end":{"line":33,"column":27}},{"start":{"line":33,"column":31},"end":{"line":33,"column":38}},{"start":{"line":33,"column":42},"end":{"line":33,"column":57}},{"start":{"line":33,"column":61},"end":{"line":33,"column":72}}]},"7":{"line":45,"type":"binary-expr","locations":[{"start":{"line":45,"column":9},"end":{"line":45,"column":27}},{"start":{"line":46,"column":4},"end":{"line":46,"column":28}},{"start":{"line":47,"column":4},"end":{"line":47,"column":56}}]},"8":{"line":51,"type":"if","locations":[{"start":{"line":51,"column":2},"end":{"line":51,"column":2}},{"start":{"line":51,"column":2},"end":{"line":51,"column":2}}]},"9":{"line":51,"type":"binary-expr","locations":[{"start":{"line":51,"column":6},"end":{"line":51,"column":24}},{"start":{"line":51,"column":28},"end":{"line":51,"column":39}}]},"10":{"line":62,"type":"if","locations":[{"start":{"line":62,"column":2},"end":{"line":62,"column":2}},{"start":{"line":62,"column":2},"end":{"line":62,"column":2}}]},"11":{"line":62,"type":"binary-expr","locations":[{"start":{"line":62,"column":6},"end":{"line":62,"column":24}},{"start":{"line":62,"column":28},"end":{"line":62,"column":39}}]},"12":{"line":71,"type":"if","locations":[{"start":{"line":71,"column":4},"end":{"line":71,"column":4}},{"start":{"line":71,"column":4},"end":{"line":71,"column":4}}]},"13":{"line":72,"type":"if","locations":[{"start":{"line":72,"column":6},"end":{"line":72,"column":6}},{"start":{"line":72,"column":6},"end":{"line":72,"column":6}}]},"14":{"line":72,"type":"binary-expr","locations":[{"start":{"line":72,"column":10},"end":{"line":72,"column":39}},{"start":{"line":72,"column":43},"end":{"line":72,"column":71}}]},"15":{"line":76,"type":"if","locations":[{"start":{"line":76,"column":6},"end":{"line":76,"column":6}},{"start":{"line":76,"column":6},"end":{"line":76,"column":6}}]},"16":{"line":76,"type":"binary-expr","locations":[{"start":{"line":76,"column":10},"end":{"line":76,"column":38}},{"start":{"line":76,"column":42},"end":{"line":76,"column":73}}]}}},"/Users/poornimabadrinath/Desktop/Desktopbackup/GitHub/osm-compare/comparators/major_name_modification.js":{"path":"/Users/poornimabadrinath/Desktop/Desktopbackup/GitHub/osm-compare/comparators/major_name_modification.js","s":{"1":1,"2":1,"3":1,"4":0,"5":0,"6":0,"7":0,"8":0,"9":0,"10":0,"11":0,"12":0,"13":0,"14":0,"15":0,"16":0},"b":{"1":[0,0],"2":[0,0,0,0],"3":[0,0],"4":[0,0],"5":[0,0,0],"6":[0,0],"7":[0,0],"8":[0,0]},"f":{"1":0},"fnMap":{"1":{"name":"majorNameModification","line":7,"loc":{"start":{"line":7,"column":0},"end":{"line":7,"column":55}}}},"statementMap":{"1":{"start":{"line":3,"column":0},"end":{"line":3,"column":41}},"2":{"start":{"line":5,"column":0},"end":{"line":5,"column":39}},"3":{"start":{"line":7,"column":0},"end":{"line":38,"column":1}},"4":{"start":{"line":8,"column":2},"end":{"line":14,"column":17}},"5":{"start":{"line":14,"column":4},"end":{"line":14,"column":17}},"6":{"start":{"line":15,"column":2},"end":{"line":16,"column":17}},"7":{"start":{"line":16,"column":4},"end":{"line":16,"column":17}},"8":{"start":{"line":19,"column":2},"end":{"line":19,"column":78}},"9":{"start":{"line":19,"column":65},"end":{"line":19,"column":78}},"10":{"start":{"line":21,"column":2},"end":{"line":24,"column":13}},"11":{"start":{"line":25,"column":2},"end":{"line":25,"column":49}},"12":{"start":{"line":26,"column":2},"end":{"line":26,"column":47}},"13":{"start":{"line":29,"column":2},"end":{"line":29,"column":76}},"14":{"start":{"line":30,"column":2},"end":{"line":35,"column":3}},"15":{"start":{"line":31,"column":4},"end":{"line":34,"column":6}},"16":{"start":{"line":37,"column":2},"end":{"line":37,"column":15}}},"branchMap":{"1":{"line":8,"type":"if","locations":[{"start":{"line":8,"column":2},"end":{"line":8,"column":2}},{"start":{"line":8,"column":2},"end":{"line":8,"column":2}}]},"2":{"line":9,"type":"binary-expr","locations":[{"start":{"line":9,"column":4},"end":{"line":9,"column":22}},{"start":{"line":10,"column":4},"end":{"line":10,"column":26}},{"start":{"line":11,"column":4},"end":{"line":11,"column":31}},{"start":{"line":12,"column":4},"end":{"line":12,"column":72}}]},"3":{"line":12,"type":"binary-expr","locations":[{"start":{"line":12,"column":6},"end":{"line":12,"column":36}},{"start":{"line":12,"column":40},"end":{"line":12,"column":71}}]},"4":{"line":15,"type":"if","locations":[{"start":{"line":15,"column":2},"end":{"line":15,"column":2}},{"start":{"line":15,"column":2},"end":{"line":15,"column":2}}]},"5":{"line":15,"type":"binary-expr","locations":[{"start":{"line":15,"column":6},"end":{"line":15,"column":17}},{"start":{"line":15,"column":21},"end":{"line":15,"column":43}},{"start":{"line":15,"column":47},"end":{"line":15,"column":74}}]},"6":{"line":19,"type":"if","locations":[{"start":{"line":19,"column":2},"end":{"line":19,"column":2}},{"start":{"line":19,"column":2},"end":{"line":19,"column":2}}]},"7":{"line":30,"type":"if","locations":[{"start":{"line":30,"column":2},"end":{"line":30,"column":2}},{"start":{"line":30,"column":2},"end":{"line":30,"column":2}}]},"8":{"line":30,"type":"binary-expr","locations":[{"start":{"line":30,"column":6},"end":{"line":30,"column":24}},{"start":{"line":30,"column":28},"end":{"line":30,"column":69}}]}}},"/Users/poornimabadrinath/Desktop/Desktopbackup/GitHub/osm-compare/comparators/wikidata_wikipedia_tag_deleted.js":{"path":"/Users/poornimabadrinath/Desktop/Desktopbackup/GitHub/osm-compare/comparators/wikidata_wikipedia_tag_deleted.js","s":{"1":1,"2":1,"3":0,"4":0,"5":0,"6":0,"7":0,"8":0,"9":0},"b":{"1":[0,0],"2":[0,0],"3":[0,0],"4":[0,0],"5":[0,0],"6":[0,0,0,0]},"f":{"1":0},"fnMap":{"1":{"name":"wikidata_wikipedia_tag_deleted","line":5,"loc":{"start":{"line":5,"column":0},"end":{"line":5,"column":64}}}},"statementMap":{"1":{"start":{"line":3,"column":0},"end":{"line":3,"column":48}},"2":{"start":{"line":5,"column":0},"end":{"line":21,"column":1}},"3":{"start":{"line":6,"column":2},"end":{"line":6,"column":65}},"4":{"start":{"line":6,"column":52},"end":{"line":6,"column":65}},"5":{"start":{"line":7,"column":2},"end":{"line":7,"column":58}},"6":{"start":{"line":7,"column":45},"end":{"line":7,"column":58}},"7":{"start":{"line":9,"column":2},"end":{"line":18,"column":3}},"8":{"start":{"line":15,"column":4},"end":{"line":17,"column":6}},"9":{"start":{"line":20,"column":2},"end":{"line":20,"column":15}}},"branchMap":{"1":{"line":6,"type":"if","locations":[{"start":{"line":6,"column":2},"end":{"line":6,"column":2}},{"start":{"line":6,"column":2},"end":{"line":6,"column":2}}]},"2":{"line":6,"type":"binary-expr","locations":[{"start":{"line":6,"column":6},"end":{"line":6,"column":24}},{"start":{"line":6,"column":28},"end":{"line":6,"column":50}}]},"3":{"line":7,"type":"if","locations":[{"start":{"line":7,"column":2},"end":{"line":7,"column":2}},{"start":{"line":7,"column":2},"end":{"line":7,"column":2}}]},"4":{"line":7,"type":"binary-expr","locations":[{"start":{"line":7,"column":6},"end":{"line":7,"column":17}},{"start":{"line":7,"column":21},"end":{"line":7,"column":43}}]},"5":{"line":9,"type":"if","locations":[{"start":{"line":9,"column":2},"end":{"line":9,"column":2}},{"start":{"line":9,"column":2},"end":{"line":9,"column":2}}]},"6":{"line":10,"type":"binary-expr","locations":[{"start":{"line":10,"column":5},"end":{"line":10,"column":40}},{"start":{"line":11,"column":6},"end":{"line":11,"column":44}},{"start":{"line":12,"column":5},"end":{"line":12,"column":41}},{"start":{"line":13,"column":6},"end":{"line":13,"column":45}}]}}},"/Users/poornimabadrinath/Desktop/Desktopbackup/GitHub/osm-compare/comparators/null_island.js":{"path":"/Users/poornimabadrinath/Desktop/Desktopbackup/GitHub/osm-compare/comparators/null_island.js","s":{"1":1,"2":1,"3":1,"4":1,"5":1,"6":0,"7":0,"8":0,"9":0,"10":0,"11":0,"12":0,"13":0},"b":{"1":[0,0],"2":[0,0,0],"3":[0,0]},"f":{"1":0},"fnMap":{"1":{"name":"nullIsland","line":9,"loc":{"start":{"line":9,"column":0},"end":{"line":9,"column":44}}}},"statementMap":{"1":{"start":{"line":3,"column":0},"end":{"line":3,"column":40}},"2":{"start":{"line":4,"column":0},"end":{"line":4,"column":47}},"3":{"start":{"line":5,"column":0},"end":{"line":5,"column":40}},"4":{"start":{"line":7,"column":0},"end":{"line":7,"column":28}},"5":{"start":{"line":9,"column":0},"end":{"line":32,"column":1}},"6":{"start":{"line":10,"column":2},"end":{"line":16,"column":3}},"7":{"start":{"line":15,"column":4},"end":{"line":15,"column":17}},"8":{"start":{"line":17,"column":2},"end":{"line":22,"column":5}},"9":{"start":{"line":23,"column":2},"end":{"line":23,"column":36}},"10":{"start":{"line":24,"column":2},"end":{"line":24,"column":43}},"11":{"start":{"line":25,"column":2},"end":{"line":30,"column":3}},"12":{"start":{"line":26,"column":4},"end":{"line":29,"column":6}},"13":{"start":{"line":31,"column":2},"end":{"line":31,"column":15}}},"branchMap":{"1":{"line":10,"type":"if","locations":[{"start":{"line":10,"column":2},"end":{"line":10,"column":2}},{"start":{"line":10,"column":2},"end":{"line":10,"column":2}}]},"2":{"line":11,"type":"binary-expr","locations":[{"start":{"line":11,"column":4},"end":{"line":11,"column":22}},{"start":{"line":12,"column":4},"end":{"line":12,"column":42}},{"start":{"line":13,"column":4},"end":{"line":13,"column":35}}]},"3":{"line":25,"type":"if","locations":[{"start":{"line":25,"column":2},"end":{"line":25,"column":2}},{"start":{"line":25,"column":2},"end":{"line":25,"column":2}}]}}},"/Users/poornimabadrinath/Desktop/Desktopbackup/GitHub/osm-compare/comparators/pokemon_edits.js":{"path":"/Users/poornimabadrinath/Desktop/Desktopbackup/GitHub/osm-compare/comparators/pokemon_edits.js","s":{"1":1,"2":1,"3":1,"4":0,"5":1,"6":0,"7":0,"8":0,"9":0,"10":0,"11":0,"12":0,"13":0,"14":0,"15":0,"16":0},"b":{"1":[0,0],"2":[0,0],"3":[0,0],"4":[0,0],"5":[0,0],"6":[0,0],"7":[0,0],"8":[0,0]},"f":{"1":0,"2":0,"3":0},"fnMap":{"1":{"name":"hasPokename","line":13,"loc":{"start":{"line":13,"column":0},"end":{"line":13,"column":27}}},"2":{"name":"pokemonEdits","line":18,"loc":{"start":{"line":18,"column":0},"end":{"line":18,"column":46}}},"3":{"name":"(anonymous_3)","line":25,"loc":{"start":{"line":25,"column":6},"end":{"line":25,"column":27}}}},"statementMap":{"1":{"start":{"line":3,"column":0},"end":{"line":10,"column":2}},"2":{"start":{"line":11,"column":0},"end":{"line":11,"column":30}},"3":{"start":{"line":13,"column":0},"end":{"line":16,"column":1}},"4":{"start":{"line":14,"column":2},"end":{"line":15,"column":32}},"5":{"start":{"line":18,"column":0},"end":{"line":46,"column":1}},"6":{"start":{"line":19,"column":2},"end":{"line":22,"column":3}},"7":{"start":{"line":21,"column":4},"end":{"line":21,"column":17}},"8":{"start":{"line":23,"column":2},"end":{"line":43,"column":3}},"9":{"start":{"line":24,"column":4},"end":{"line":29,"column":6}},"10":{"start":{"line":26,"column":8},"end":{"line":26,"column":53}},"11":{"start":{"line":31,"column":4},"end":{"line":42,"column":5}},"12":{"start":{"line":32,"column":6},"end":{"line":41,"column":7}},"13":{"start":{"line":33,"column":8},"end":{"line":40,"column":9}},"14":{"start":{"line":34,"column":10},"end":{"line":39,"column":11}},"15":{"start":{"line":35,"column":12},"end":{"line":38,"column":14}},"16":{"start":{"line":45,"column":2},"end":{"line":45,"column":15}}},"branchMap":{"1":{"line":14,"type":"binary-expr","locations":[{"start":{"line":14,"column":9},"end":{"line":14,"column":69}},{"start":{"line":15,"column":4},"end":{"line":15,"column":31}}]},"2":{"line":19,"type":"if","locations":[{"start":{"line":19,"column":2},"end":{"line":19,"column":2}},{"start":{"line":19,"column":2},"end":{"line":19,"column":2}}]},"3":{"line":19,"type":"binary-expr","locations":[{"start":{"line":19,"column":6},"end":{"line":19,"column":24}},{"start":{"line":19,"column":28},"end":{"line":19,"column":39}}]},"4":{"line":23,"type":"if","locations":[{"start":{"line":23,"column":2},"end":{"line":23,"column":2}},{"start":{"line":23,"column":2},"end":{"line":23,"column":2}}]},"5":{"line":26,"type":"binary-expr","locations":[{"start":{"line":26,"column":15},"end":{"line":26,"column":43}},{"start":{"line":26,"column":47},"end":{"line":26,"column":52}}]},"6":{"line":31,"type":"if","locations":[{"start":{"line":31,"column":4},"end":{"line":31,"column":4}},{"start":{"line":31,"column":4},"end":{"line":31,"column":4}}]},"7":{"line":33,"type":"if","locations":[{"start":{"line":33,"column":8},"end":{"line":33,"column":8}},{"start":{"line":33,"column":8},"end":{"line":33,"column":8}}]},"8":{"line":34,"type":"if","locations":[{"start":{"line":34,"column":10},"end":{"line":34,"column":10}},{"start":{"line":34,"column":10},"end":{"line":34,"column":10}}]}}},"/Users/poornimabadrinath/Desktop/Desktopbackup/GitHub/osm-compare/comparators/dragged_highway_waterway.js":{"path":"/Users/poornimabadrinath/Desktop/Desktopbackup/GitHub/osm-compare/comparators/dragged_highway_waterway.js","s":{"1":1,"2":1,"3":1,"4":1,"5":1,"6":0,"7":0,"8":0,"9":0,"10":0,"11":0,"12":0,"13":0,"14":0,"15":0,"16":0},"b":{"1":[0,0],"2":[0,0,0,0],"3":[0,0],"4":[0,0],"5":[0,0,0,0,0,0,0,0],"6":[0,0]},"f":{"1":0},"fnMap":{"1":{"name":"draggedHighwayWaterway","line":8,"loc":{"start":{"line":8,"column":0},"end":{"line":8,"column":56}}}},"statementMap":{"1":{"start":{"line":3,"column":0},"end":{"line":3,"column":40}},"2":{"start":{"line":4,"column":0},"end":{"line":4,"column":38}},"3":{"start":{"line":5,"column":0},"end":{"line":5,"column":44}},"4":{"start":{"line":6,"column":0},"end":{"line":6,"column":19}},"5":{"start":{"line":8,"column":0},"end":{"line":42,"column":1}},"6":{"start":{"line":9,"column":2},"end":{"line":20,"column":3}},"7":{"start":{"line":15,"column":4},"end":{"line":19,"column":19}},"8":{"start":{"line":19,"column":6},"end":{"line":19,"column":19}},"9":{"start":{"line":22,"column":2},"end":{"line":40,"column":3}},"10":{"start":{"line":32,"column":4},"end":{"line":39,"column":5}},"11":{"start":{"line":33,"column":6},"end":{"line":33,"column":65}},"12":{"start":{"line":34,"column":6},"end":{"line":34,"column":69}},"13":{"start":{"line":36,"column":6},"end":{"line":36,"column":64}},"14":{"start":{"line":37,"column":6},"end":{"line":38,"column":57}},"15":{"start":{"line":38,"column":8},"end":{"line":38,"column":57}},"16":{"start":{"line":41,"column":2},"end":{"line":41,"column":15}}},"branchMap":{"1":{"line":9,"type":"if","locations":[{"start":{"line":9,"column":2},"end":{"line":9,"column":2}},{"start":{"line":9,"column":2},"end":{"line":9,"column":2}}]},"2":{"line":10,"type":"binary-expr","locations":[{"start":{"line":10,"column":4},"end":{"line":10,"column":23}},{"start":{"line":11,"column":4},"end":{"line":11,"column":14}},{"start":{"line":12,"column":4},"end":{"line":12,"column":23}},{"start":{"line":13,"column":4},"end":{"line":13,"column":23}}]},"3":{"line":15,"type":"if","locations":[{"start":{"line":15,"column":4},"end":{"line":15,"column":4}},{"start":{"line":15,"column":4},"end":{"line":15,"column":4}}]},"4":{"line":22,"type":"if","locations":[{"start":{"line":22,"column":2},"end":{"line":22,"column":2}},{"start":{"line":22,"column":2},"end":{"line":22,"column":2}}]},"5":{"line":23,"type":"binary-expr","locations":[{"start":{"line":23,"column":4},"end":{"line":23,"column":23}},{"start":{"line":24,"column":4},"end":{"line":24,"column":25}},{"start":{"line":25,"column":5},"end":{"line":25,"column":52}},{"start":{"line":26,"column":6},"end":{"line":26,"column":54}},{"start":{"line":27,"column":4},"end":{"line":27,"column":47}},{"start":{"line":28,"column":4},"end":{"line":28,"column":23}},{"start":{"line":29,"column":4},"end":{"line":29,"column":53}},{"start":{"line":30,"column":4},"end":{"line":30,"column":46}}]},"6":{"line":37,"type":"if","locations":[{"start":{"line":37,"column":6},"end":{"line":37,"column":6}},{"start":{"line":37,"column":6},"end":{"line":37,"column":6}}]}}},"/Users/poornimabadrinath/Desktop/Desktopbackup/GitHub/osm-compare/comparators/added_place.js":{"path":"/Users/poornimabadrinath/Desktop/Desktopbackup/GitHub/osm-compare/comparators/added_place.js","s":{"1":1,"2":1,"3":0,"4":0,"5":0,"6":0,"7":0,"8":0,"9":0,"10":0,"11":0},"b":{"1":[0,0],"2":[0,0],"3":[0,0],"4":[0,0],"5":[0,0],"6":[0,0,0],"7":[0,0],"8":[0,0,0,0]},"f":{"1":0},"fnMap":{"1":{"name":"addedPlace","line":5,"loc":{"start":{"line":5,"column":0},"end":{"line":5,"column":44}}}},"statementMap":{"1":{"start":{"line":3,"column":0},"end":{"line":3,"column":28}},"2":{"start":{"line":5,"column":0},"end":{"line":30,"column":1}},"3":{"start":{"line":6,"column":2},"end":{"line":8,"column":3}},"4":{"start":{"line":7,"column":4},"end":{"line":7,"column":17}},"5":{"start":{"line":9,"column":2},"end":{"line":28,"column":3}},"6":{"start":{"line":10,"column":4},"end":{"line":20,"column":5}},"7":{"start":{"line":13,"column":6},"end":{"line":19,"column":7}},"8":{"start":{"line":18,"column":8},"end":{"line":18,"column":44}},"9":{"start":{"line":21,"column":9},"end":{"line":28,"column":3}},"10":{"start":{"line":27,"column":4},"end":{"line":27,"column":40}},"11":{"start":{"line":29,"column":2},"end":{"line":29,"column":15}}},"branchMap":{"1":{"line":6,"type":"if","locations":[{"start":{"line":6,"column":2},"end":{"line":6,"column":2}},{"start":{"line":6,"column":2},"end":{"line":6,"column":2}}]},"2":{"line":9,"type":"if","locations":[{"start":{"line":9,"column":2},"end":{"line":9,"column":2}},{"start":{"line":9,"column":2},"end":{"line":9,"column":2}}]},"3":{"line":10,"type":"if","locations":[{"start":{"line":10,"column":4},"end":{"line":10,"column":4}},{"start":{"line":10,"column":4},"end":{"line":10,"column":4}}]},"4":{"line":11,"type":"binary-expr","locations":[{"start":{"line":11,"column":6},"end":{"line":11,"column":38}},{"start":{"line":11,"column":42},"end":{"line":11,"column":77}}]},"5":{"line":13,"type":"if","locations":[{"start":{"line":13,"column":6},"end":{"line":13,"column":6}},{"start":{"line":13,"column":6},"end":{"line":13,"column":6}}]},"6":{"line":14,"type":"binary-expr","locations":[{"start":{"line":14,"column":8},"end":{"line":14,"column":49}},{"start":{"line":15,"column":8},"end":{"line":15,"column":49}},{"start":{"line":16,"column":8},"end":{"line":16,"column":52}}]},"7":{"line":21,"type":"if","locations":[{"start":{"line":21,"column":9},"end":{"line":21,"column":9}},{"start":{"line":21,"column":9},"end":{"line":21,"column":9}}]},"8":{"line":22,"type":"binary-expr","locations":[{"start":{"line":22,"column":4},"end":{"line":22,"column":36}},{"start":{"line":23,"column":5},"end":{"line":23,"column":46}},{"start":{"line":24,"column":6},"end":{"line":24,"column":47}},{"start":{"line":25,"column":6},"end":{"line":25,"column":50}}]}}},"/Users/poornimabadrinath/Desktop/Desktopbackup/GitHub/osm-compare/comparators/modified_place_wikidata.js":{"path":"/Users/poornimabadrinath/Desktop/Desktopbackup/GitHub/osm-compare/comparators/modified_place_wikidata.js","s":{"1":1,"2":1,"3":0,"4":0,"5":0,"6":0,"7":0,"8":0,"9":0,"10":0,"11":0,"12":0,"13":0,"14":0,"15":0,"16":0,"17":0,"18":0},"b":{"1":[0,0],"2":[0,0],"3":[0,0],"4":[0,0],"5":[0,0],"6":[0,0,0],"7":[0,0],"8":[0,0,0,0],"9":[0,0],"10":[0,0,0,0],"11":[0,0],"12":[0,0,0,0],"13":[0,0],"14":[0,0,0,0],"15":[0,0]},"f":{"1":0},"fnMap":{"1":{"name":"modifiedPlaceWikidata","line":5,"loc":{"start":{"line":5,"column":0},"end":{"line":5,"column":55}}}},"statementMap":{"1":{"start":{"line":3,"column":0},"end":{"line":3,"column":39}},"2":{"start":{"line":5,"column":0},"end":{"line":69,"column":1}},"3":{"start":{"line":6,"column":2},"end":{"line":6,"column":65}},"4":{"start":{"line":6,"column":52},"end":{"line":6,"column":65}},"5":{"start":{"line":7,"column":2},"end":{"line":7,"column":58}},"6":{"start":{"line":7,"column":45},"end":{"line":7,"column":58}},"7":{"start":{"line":13,"column":2},"end":{"line":21,"column":3}},"8":{"start":{"line":18,"column":4},"end":{"line":20,"column":6}},"9":{"start":{"line":23,"column":2},"end":{"line":32,"column":3}},"10":{"start":{"line":29,"column":4},"end":{"line":31,"column":6}},"11":{"start":{"line":34,"column":2},"end":{"line":43,"column":3}},"12":{"start":{"line":40,"column":4},"end":{"line":42,"column":6}},"13":{"start":{"line":45,"column":2},"end":{"line":54,"column":3}},"14":{"start":{"line":51,"column":4},"end":{"line":53,"column":6}},"15":{"start":{"line":56,"column":2},"end":{"line":67,"column":3}},"16":{"start":{"line":62,"column":4},"end":{"line":66,"column":5}},"17":{"start":{"line":63,"column":6},"end":{"line":65,"column":8}},"18":{"start":{"line":68,"column":2},"end":{"line":68,"column":15}}},"branchMap":{"1":{"line":6,"type":"if","locations":[{"start":{"line":6,"column":2},"end":{"line":6,"column":2}},{"start":{"line":6,"column":2},"end":{"line":6,"column":2}}]},"2":{"line":6,"type":"binary-expr","locations":[{"start":{"line":6,"column":6},"end":{"line":6,"column":24}},{"start":{"line":6,"column":28},"end":{"line":6,"column":50}}]},"3":{"line":7,"type":"if","locations":[{"start":{"line":7,"column":2},"end":{"line":7,"column":2}},{"start":{"line":7,"column":2},"end":{"line":7,"column":2}}]},"4":{"line":7,"type":"binary-expr","locations":[{"start":{"line":7,"column":6},"end":{"line":7,"column":17}},{"start":{"line":7,"column":21},"end":{"line":7,"column":43}}]},"5":{"line":13,"type":"if","locations":[{"start":{"line":13,"column":2},"end":{"line":13,"column":2}},{"start":{"line":13,"column":2},"end":{"line":13,"column":2}}]},"6":{"line":14,"type":"binary-expr","locations":[{"start":{"line":14,"column":4},"end":{"line":14,"column":50}},{"start":{"line":15,"column":4},"end":{"line":15,"column":39}},{"start":{"line":16,"column":4},"end":{"line":16,"column":36}}]},"7":{"line":23,"type":"if","locations":[{"start":{"line":23,"column":2},"end":{"line":23,"column":2}},{"start":{"line":23,"column":2},"end":{"line":23,"column":2}}]},"8":{"line":24,"type":"binary-expr","locations":[{"start":{"line":24,"column":4},"end":{"line":24,"column":36}},{"start":{"line":25,"column":4},"end":{"line":25,"column":53}},{"start":{"line":26,"column":4},"end":{"line":26,"column":36}},{"start":{"line":27,"column":4},"end":{"line":27,"column":39}}]},"9":{"line":34,"type":"if","locations":[{"start":{"line":34,"column":2},"end":{"line":34,"column":2}},{"start":{"line":34,"column":2},"end":{"line":34,"column":2}}]},"10":{"line":35,"type":"binary-expr","locations":[{"start":{"line":35,"column":4},"end":{"line":35,"column":36}},{"start":{"line":36,"column":4},"end":{"line":36,"column":53}},{"start":{"line":37,"column":4},"end":{"line":37,"column":36}},{"start":{"line":38,"column":4},"end":{"line":38,"column":39}}]},"11":{"line":45,"type":"if","locations":[{"start":{"line":45,"column":2},"end":{"line":45,"column":2}},{"start":{"line":45,"column":2},"end":{"line":45,"column":2}}]},"12":{"line":46,"type":"binary-expr","locations":[{"start":{"line":46,"column":4},"end":{"line":46,"column":36}},{"start":{"line":47,"column":4},"end":{"line":47,"column":39}},{"start":{"line":48,"column":4},"end":{"line":48,"column":36}},{"start":{"line":49,"column":4},"end":{"line":49,"column":53}}]},"13":{"line":56,"type":"if","locations":[{"start":{"line":56,"column":2},"end":{"line":56,"column":2}},{"start":{"line":56,"column":2},"end":{"line":56,"column":2}}]},"14":{"line":57,"type":"binary-expr","locations":[{"start":{"line":57,"column":4},"end":{"line":57,"column":39}},{"start":{"line":58,"column":4},"end":{"line":58,"column":39}},{"start":{"line":59,"column":4},"end":{"line":59,"column":36}},{"start":{"line":60,"column":4},"end":{"line":60,"column":36}}]},"15":{"line":62,"type":"if","locations":[{"start":{"line":62,"column":4},"end":{"line":62,"column":4}},{"start":{"line":62,"column":4},"end":{"line":62,"column":4}}]}}},"/Users/poornimabadrinath/Desktop/Desktopbackup/GitHub/osm-compare/comparators/modified_monument.js":{"path":"/Users/poornimabadrinath/Desktop/Desktopbackup/GitHub/osm-compare/comparators/modified_monument.js","s":{"1":1,"2":1,"3":0,"4":0,"5":0,"6":0,"7":0},"b":{"1":[0,0],"2":[0,0,0,0],"3":[0,0],"4":[0,0,0,0,0]},"f":{"1":0},"fnMap":{"1":{"name":"modifiedMonument","line":5,"loc":{"start":{"line":5,"column":0},"end":{"line":5,"column":50}}}},"statementMap":{"1":{"start":{"line":3,"column":0},"end":{"line":3,"column":34}},"2":{"start":{"line":5,"column":0},"end":{"line":25,"column":1}},"3":{"start":{"line":6,"column":2},"end":{"line":13,"column":3}},"4":{"start":{"line":12,"column":4},"end":{"line":12,"column":46}},"5":{"start":{"line":15,"column":2},"end":{"line":23,"column":3}},"6":{"start":{"line":22,"column":4},"end":{"line":22,"column":46}},"7":{"start":{"line":24,"column":2},"end":{"line":24,"column":15}}},"branchMap":{"1":{"line":6,"type":"if","locations":[{"start":{"line":6,"column":2},"end":{"line":6,"column":2}},{"start":{"line":6,"column":2},"end":{"line":6,"column":2}}]},"2":{"line":7,"type":"binary-expr","locations":[{"start":{"line":7,"column":4},"end":{"line":7,"column":23}},{"start":{"line":8,"column":4},"end":{"line":8,"column":52}},{"start":{"line":9,"column":4},"end":{"line":9,"column":49}},{"start":{"line":10,"column":4},"end":{"line":10,"column":45}}]},"3":{"line":15,"type":"if","locations":[{"start":{"line":15,"column":2},"end":{"line":15,"column":2}},{"start":{"line":15,"column":2},"end":{"line":15,"column":2}}]},"4":{"line":16,"type":"binary-expr","locations":[{"start":{"line":16,"column":4},"end":{"line":16,"column":14}},{"start":{"line":17,"column":4},"end":{"line":17,"column":22}},{"start":{"line":18,"column":4},"end":{"line":18,"column":52}},{"start":{"line":19,"column":4},"end":{"line":19,"column":49}},{"start":{"line":20,"column":4},"end":{"line":20,"column":45}}]}}},"/Users/poornimabadrinath/Desktop/Desktopbackup/GitHub/osm-compare/comparators/invalid_tag_combination.js":{"path":"/Users/poornimabadrinath/Desktop/Desktopbackup/GitHub/osm-compare/comparators/invalid_tag_combination.js","s":{"1":1,"2":1,"3":1,"4":1,"5":1,"6":0,"7":0,"8":0,"9":0,"10":0,"11":0,"12":0,"13":0,"14":0,"15":0,"16":0,"17":0,"18":0,"19":0,"20":0,"21":0,"22":0,"23":0,"24":0},"b":{"1":[0,0],"2":[0,0],"3":[0,0],"4":[0,0],"5":[0,0],"6":[0,0]},"f":{"1":0,"2":0},"fnMap":{"1":{"name":"invalidTagCombination","line":8,"loc":{"start":{"line":8,"column":0},"end":{"line":8,"column":65}}},"2":{"name":"(anonymous_2)","line":16,"loc":{"start":{"line":16,"column":4},"end":{"line":16,"column":26}}}},"statementMap":{"1":{"start":{"line":3,"column":0},"end":{"line":3,"column":25}},"2":{"start":{"line":4,"column":0},"end":{"line":4,"column":23}},"3":{"start":{"line":5,"column":0},"end":{"line":5,"column":27}},"4":{"start":{"line":7,"column":0},"end":{"line":7,"column":39}},"5":{"start":{"line":8,"column":0},"end":{"line":39,"column":1}},"6":{"start":{"line":10,"column":2},"end":{"line":10,"column":20}},"7":{"start":{"line":12,"column":2},"end":{"line":12,"column":55}},"8":{"start":{"line":12,"column":26},"end":{"line":12,"column":55}},"9":{"start":{"line":14,"column":2},"end":{"line":38,"column":4}},"10":{"start":{"line":17,"column":6},"end":{"line":17,"column":52}},"11":{"start":{"line":19,"column":6},"end":{"line":35,"column":7}},"12":{"start":{"line":20,"column":8},"end":{"line":34,"column":9}},"13":{"start":{"line":21,"column":10},"end":{"line":21,"column":32}},"14":{"start":{"line":21,"column":23},"end":{"line":21,"column":32}},"15":{"start":{"line":23,"column":10},"end":{"line":23,"column":28}},"16":{"start":{"line":24,"column":10},"end":{"line":24,"column":35}},"17":{"start":{"line":26,"column":10},"end":{"line":26,"column":46}},"18":{"start":{"line":27,"column":10},"end":{"line":27,"column":56}},"19":{"start":{"line":28,"column":10},"end":{"line":28,"column":62}},"20":{"start":{"line":28,"column":53},"end":{"line":28,"column":62}},"21":{"start":{"line":30,"column":10},"end":{"line":30,"column":62}},"22":{"start":{"line":32,"column":10},"end":{"line":33,"column":76}},"23":{"start":{"line":33,"column":12},"end":{"line":33,"column":76}},"24":{"start":{"line":36,"column":6},"end":{"line":36,"column":35}}},"branchMap":{"1":{"line":12,"type":"if","locations":[{"start":{"line":12,"column":2},"end":{"line":12,"column":2}},{"start":{"line":12,"column":2},"end":{"line":12,"column":2}}]},"2":{"line":21,"type":"if","locations":[{"start":{"line":21,"column":10},"end":{"line":21,"column":10}},{"start":{"line":21,"column":10},"end":{"line":21,"column":10}}]},"3":{"line":28,"type":"if","locations":[{"start":{"line":28,"column":10},"end":{"line":28,"column":10}},{"start":{"line":28,"column":10},"end":{"line":28,"column":10}}]},"4":{"line":28,"type":"binary-expr","locations":[{"start":{"line":28,"column":14},"end":{"line":28,"column":29}},{"start":{"line":28,"column":33},"end":{"line":28,"column":51}}]},"5":{"line":32,"type":"if","locations":[{"start":{"line":32,"column":10},"end":{"line":32,"column":10}},{"start":{"line":32,"column":10},"end":{"line":32,"column":10}}]},"6":{"line":32,"type":"binary-expr","locations":[{"start":{"line":32,"column":14},"end":{"line":32,"column":26}},{"start":{"line":32,"column":30},"end":{"line":32,"column":47}}]}}},"/Users/poornimabadrinath/Desktop/Desktopbackup/GitHub/osm-compare/comparators/water_feature_by_new_user.js":{"path":"/Users/poornimabadrinath/Desktop/Desktopbackup/GitHub/osm-compare/comparators/water_feature_by_new_user.js","s":{"1":1,"2":1,"3":1,"4":0,"5":0,"6":0,"7":0,"8":0,"9":0,"10":0,"11":0,"12":0,"13":0,"14":0,"15":0,"16":0,"17":0,"18":0,"19":1,"20":0,"21":0,"22":0,"23":0,"24":0,"25":1,"26":0,"27":0,"28":0,"29":0,"30":0,"31":0,"32":0,"33":0,"34":0,"35":0,"36":0,"37":0},"b":{"1":[0,0],"2":[0,0],"3":[0,0],"4":[0,0],"5":[0,0],"6":[0,0],"7":[0,0],"8":[0,0],"9":[0,0],"10":[0,0],"11":[0,0],"12":[0,0],"13":[0,0],"14":[0,0],"15":[0,0],"16":[0,0]},"f":{"1":0,"2":0,"3":0,"4":0,"5":0},"fnMap":{"1":{"name":"isWaterFeature","line":7,"loc":{"start":{"line":7,"column":0},"end":{"line":7,"column":33}}},"2":{"name":"getUserDetails","line":35,"loc":{"start":{"line":35,"column":0},"end":{"line":35,"column":40}}},"3":{"name":"(anonymous_3)","line":39,"loc":{"start":{"line":39,"column":15},"end":{"line":39,"column":47}}},"4":{"name":"waterFeatureByNewUser","line":46,"loc":{"start":{"line":46,"column":0},"end":{"line":46,"column":65}}},"5":{"name":"(anonymous_5)","line":56,"loc":{"start":{"line":56,"column":25},"end":{"line":56,"column":54}}}},"statementMap":{"1":{"start":{"line":3,"column":0},"end":{"line":3,"column":33}},"2":{"start":{"line":5,"column":0},"end":{"line":5,"column":39}},"3":{"start":{"line":7,"column":0},"end":{"line":33,"column":1}},"4":{"start":{"line":8,"column":2},"end":{"line":8,"column":67}},"5":{"start":{"line":10,"column":2},"end":{"line":10,"column":38}},"6":{"start":{"line":12,"column":2},"end":{"line":13,"column":16}},"7":{"start":{"line":13,"column":4},"end":{"line":13,"column":16}},"8":{"start":{"line":14,"column":2},"end":{"line":14,"column":54}},"9":{"start":{"line":14,"column":42},"end":{"line":14,"column":54}},"10":{"start":{"line":15,"column":2},"end":{"line":19,"column":16}},"11":{"start":{"line":19,"column":4},"end":{"line":19,"column":16}},"12":{"start":{"line":20,"column":2},"end":{"line":24,"column":16}},"13":{"start":{"line":24,"column":4},"end":{"line":24,"column":16}},"14":{"start":{"line":25,"column":2},"end":{"line":29,"column":16}},"15":{"start":{"line":29,"column":4},"end":{"line":29,"column":16}},"16":{"start":{"line":30,"column":2},"end":{"line":30,"column":57}},"17":{"start":{"line":30,"column":45},"end":{"line":30,"column":57}},"18":{"start":{"line":32,"column":2},"end":{"line":32,"column":15}},"19":{"start":{"line":35,"column":0},"end":{"line":44,"column":1}},"20":{"start":{"line":36,"column":2},"end":{"line":37,"column":29}},"21":{"start":{"line":39,"column":2},"end":{"line":43,"column":5}},"22":{"start":{"line":41,"column":4},"end":{"line":42,"column":49}},"23":{"start":{"line":41,"column":15},"end":{"line":41,"column":49}},"24":{"start":{"line":42,"column":9},"end":{"line":42,"column":49}},"25":{"start":{"line":46,"column":0},"end":{"line":69,"column":1}},"26":{"start":{"line":48,"column":2},"end":{"line":48,"column":35}},"27":{"start":{"line":50,"column":2},"end":{"line":51,"column":33}},"28":{"start":{"line":51,"column":4},"end":{"line":51,"column":33}},"29":{"start":{"line":53,"column":2},"end":{"line":68,"column":3}},"30":{"start":{"line":54,"column":4},"end":{"line":54,"column":49}},"31":{"start":{"line":56,"column":4},"end":{"line":65,"column":7}},"32":{"start":{"line":58,"column":6},"end":{"line":58,"column":46}},"33":{"start":{"line":58,"column":17},"end":{"line":58,"column":46}},"34":{"start":{"line":60,"column":6},"end":{"line":64,"column":7}},"35":{"start":{"line":61,"column":8},"end":{"line":61,"column":74}},"36":{"start":{"line":63,"column":8},"end":{"line":63,"column":37}},"37":{"start":{"line":67,"column":4},"end":{"line":67,"column":33}}},"branchMap":{"1":{"line":12,"type":"if","locations":[{"start":{"line":12,"column":2},"end":{"line":12,"column":2}},{"start":{"line":12,"column":2},"end":{"line":12,"column":2}}]},"2":{"line":12,"type":"binary-expr","locations":[{"start":{"line":12,"column":6},"end":{"line":12,"column":42}},{"start":{"line":12,"column":46},"end":{"line":12,"column":79}}]},"3":{"line":14,"type":"if","locations":[{"start":{"line":14,"column":2},"end":{"line":14,"column":2}},{"start":{"line":14,"column":2},"end":{"line":14,"column":2}}]},"4":{"line":15,"type":"if","locations":[{"start":{"line":15,"column":2},"end":{"line":15,"column":2}},{"start":{"line":15,"column":2},"end":{"line":15,"column":2}}]},"5":{"line":16,"type":"binary-expr","locations":[{"start":{"line":16,"column":4},"end":{"line":16,"column":40}},{"start":{"line":17,"column":4},"end":{"line":17,"column":56}}]},"6":{"line":20,"type":"if","locations":[{"start":{"line":20,"column":2},"end":{"line":20,"column":2}},{"start":{"line":20,"column":2},"end":{"line":20,"column":2}}]},"7":{"line":21,"type":"binary-expr","locations":[{"start":{"line":21,"column":4},"end":{"line":21,"column":47}},{"start":{"line":22,"column":4},"end":{"line":22,"column":52}}]},"8":{"line":25,"type":"if","locations":[{"start":{"line":25,"column":2},"end":{"line":25,"column":2}},{"start":{"line":25,"column":2},"end":{"line":25,"column":2}}]},"9":{"line":26,"type":"binary-expr","locations":[{"start":{"line":26,"column":4},"end":{"line":26,"column":41}},{"start":{"line":27,"column":4},"end":{"line":27,"column":50}}]},"10":{"line":30,"type":"if","locations":[{"start":{"line":30,"column":2},"end":{"line":30,"column":2}},{"start":{"line":30,"column":2},"end":{"line":30,"column":2}}]},"11":{"line":41,"type":"if","locations":[{"start":{"line":41,"column":4},"end":{"line":41,"column":4}},{"start":{"line":41,"column":4},"end":{"line":41,"column":4}}]},"12":{"line":50,"type":"if","locations":[{"start":{"line":50,"column":2},"end":{"line":50,"column":2}},{"start":{"line":50,"column":2},"end":{"line":50,"column":2}}]},"13":{"line":50,"type":"binary-expr","locations":[{"start":{"line":50,"column":6},"end":{"line":50,"column":24}},{"start":{"line":50,"column":28},"end":{"line":50,"column":70}}]},"14":{"line":53,"type":"if","locations":[{"start":{"line":53,"column":2},"end":{"line":53,"column":2}},{"start":{"line":53,"column":2},"end":{"line":53,"column":2}}]},"15":{"line":58,"type":"if","locations":[{"start":{"line":58,"column":6},"end":{"line":58,"column":6}},{"start":{"line":58,"column":6},"end":{"line":58,"column":6}}]},"16":{"line":60,"type":"if","locations":[{"start":{"line":60,"column":6},"end":{"line":60,"column":6}},{"start":{"line":60,"column":6},"end":{"line":60,"column":6}}]}}},"/Users/poornimabadrinath/Desktop/Desktopbackup/GitHub/osm-compare/comparators/common_tag_values.js":{"path":"/Users/poornimabadrinath/Desktop/Desktopbackup/GitHub/osm-compare/comparators/common_tag_values.js","s":{"1":1,"2":1,"3":1,"4":1,"5":1,"6":0,"7":0,"8":0,"9":0,"10":0,"11":0,"12":0,"13":0,"14":0,"15":0,"16":0,"17":0,"18":0,"19":0,"20":0,"21":0,"22":0,"23":0},"b":{"1":[0,0],"2":[0,0],"3":[0,0],"4":[0,0],"5":[0,0],"6":[0,0],"7":[0,0]},"f":{"1":0},"fnMap":{"1":{"name":"commonTagValues","line":37,"loc":{"start":{"line":37,"column":0},"end":{"line":37,"column":49}}}},"statementMap":{"1":{"start":{"line":3,"column":0},"end":{"line":3,"column":23}},"2":{"start":{"line":4,"column":0},"end":{"line":4,"column":32}},"3":{"start":{"line":6,"column":0},"end":{"line":6,"column":33}},"4":{"start":{"line":8,"column":0},"end":{"line":35,"column":2}},"5":{"start":{"line":37,"column":0},"end":{"line":68,"column":1}},"6":{"start":{"line":38,"column":2},"end":{"line":38,"column":21}},"7":{"start":{"line":40,"column":2},"end":{"line":40,"column":65}},"8":{"start":{"line":40,"column":52},"end":{"line":40,"column":65}},"9":{"start":{"line":42,"column":2},"end":{"line":42,"column":34}},"10":{"start":{"line":43,"column":2},"end":{"line":43,"column":46}},"11":{"start":{"line":45,"column":2},"end":{"line":65,"column":3}},"12":{"start":{"line":46,"column":4},"end":{"line":46,"column":29}},"13":{"start":{"line":48,"column":4},"end":{"line":64,"column":5}},"14":{"start":{"line":49,"column":6},"end":{"line":49,"column":33}},"15":{"start":{"line":50,"column":6},"end":{"line":52,"column":8}},"16":{"start":{"line":53,"column":6},"end":{"line":53,"column":58}},"17":{"start":{"line":54,"column":6},"end":{"line":54,"column":45}},"18":{"start":{"line":55,"column":6},"end":{"line":63,"column":7}},"19":{"start":{"line":56,"column":8},"end":{"line":62,"column":9}},"20":{"start":{"line":61,"column":10},"end":{"line":61,"column":23}},"21":{"start":{"line":66,"column":2},"end":{"line":66,"column":41}},"22":{"start":{"line":66,"column":28},"end":{"line":66,"column":41}},"23":{"start":{"line":67,"column":2},"end":{"line":67,"column":16}}},"branchMap":{"1":{"line":40,"type":"if","locations":[{"start":{"line":40,"column":2},"end":{"line":40,"column":2}},{"start":{"line":40,"column":2},"end":{"line":40,"column":2}}]},"2":{"line":40,"type":"binary-expr","locations":[{"start":{"line":40,"column":6},"end":{"line":40,"column":24}},{"start":{"line":40,"column":28},"end":{"line":40,"column":50}}]},"3":{"line":48,"type":"if","locations":[{"start":{"line":48,"column":4},"end":{"line":48,"column":4}},{"start":{"line":48,"column":4},"end":{"line":48,"column":4}}]},"4":{"line":56,"type":"if","locations":[{"start":{"line":56,"column":8},"end":{"line":56,"column":8}},{"start":{"line":56,"column":8},"end":{"line":56,"column":8}}]},"5":{"line":57,"type":"binary-expr","locations":[{"start":{"line":57,"column":10},"end":{"line":57,"column":44}},{"start":{"line":58,"column":10},"end":{"line":59,"column":49}}]},"6":{"line":58,"type":"binary-expr","locations":[{"start":{"line":58,"column":12},"end":{"line":58,"column":46}},{"start":{"line":59,"column":12},"end":{"line":59,"column":48}}]},"7":{"line":66,"type":"if","locations":[{"start":{"line":66,"column":2},"end":{"line":66,"column":2}},{"start":{"line":66,"column":2},"end":{"line":66,"column":2}}]}}},"/Users/poornimabadrinath/Desktop/Desktopbackup/GitHub/osm-compare/comparators/example.js":{"path":"/Users/poornimabadrinath/Desktop/Desktopbackup/GitHub/osm-compare/comparators/example.js","s":{"1":1,"2":1,"3":0},"b":{},"f":{"1":0},"fnMap":{"1":{"name":"example","line":5,"loc":{"start":{"line":5,"column":0},"end":{"line":5,"column":51}}}},"statementMap":{"1":{"start":{"line":3,"column":0},"end":{"line":3,"column":25}},"2":{"start":{"line":5,"column":0},"end":{"line":9,"column":1}},"3":{"start":{"line":6,"column":2},"end":{"line":8,"column":5}}},"branchMap":{}},"/Users/poornimabadrinath/Desktop/Desktopbackup/GitHub/osm-compare/comparators/added_website.js":{"path":"/Users/poornimabadrinath/Desktop/Desktopbackup/GitHub/osm-compare/comparators/added_website.js","s":{"1":1,"2":1,"3":0,"4":0,"5":0,"6":0,"7":0,"8":0,"9":0},"b":{"1":[0,0],"2":[0,0,0,0,0],"3":[0,0],"4":[0,0,0],"5":[0,0],"6":[0,0,0,0,0,0]},"f":{"1":0},"fnMap":{"1":{"name":"addedWebsite","line":5,"loc":{"start":{"line":5,"column":0},"end":{"line":5,"column":46}}}},"statementMap":{"1":{"start":{"line":3,"column":0},"end":{"line":3,"column":30}},"2":{"start":{"line":5,"column":0},"end":{"line":32,"column":1}},"3":{"start":{"line":6,"column":2},"end":{"line":31,"column":3}},"4":{"start":{"line":13,"column":4},"end":{"line":13,"column":17}},"5":{"start":{"line":14,"column":9},"end":{"line":31,"column":3}},"6":{"start":{"line":19,"column":4},"end":{"line":19,"column":42}},"7":{"start":{"line":20,"column":9},"end":{"line":31,"column":3}},"8":{"start":{"line":28,"column":4},"end":{"line":28,"column":42}},"9":{"start":{"line":30,"column":4},"end":{"line":30,"column":17}}},"branchMap":{"1":{"line":6,"type":"if","locations":[{"start":{"line":6,"column":2},"end":{"line":6,"column":2}},{"start":{"line":6,"column":2},"end":{"line":6,"column":2}}]},"2":{"line":7,"type":"binary-expr","locations":[{"start":{"line":7,"column":4},"end":{"line":7,"column":14}},{"start":{"line":8,"column":4},"end":{"line":8,"column":25}},{"start":{"line":9,"column":4},"end":{"line":9,"column":23}},{"start":{"line":10,"column":4},"end":{"line":10,"column":25}},{"start":{"line":11,"column":4},"end":{"line":11,"column":67}}]},"3":{"line":14,"type":"if","locations":[{"start":{"line":14,"column":9},"end":{"line":14,"column":9}},{"start":{"line":14,"column":9},"end":{"line":14,"column":9}}]},"4":{"line":15,"type":"binary-expr","locations":[{"start":{"line":15,"column":4},"end":{"line":15,"column":23}},{"start":{"line":16,"column":4},"end":{"line":16,"column":25}},{"start":{"line":17,"column":4},"end":{"line":17,"column":38}}]},"5":{"line":20,"type":"if","locations":[{"start":{"line":20,"column":9},"end":{"line":20,"column":9}},{"start":{"line":20,"column":9},"end":{"line":20,"column":9}}]},"6":{"line":21,"type":"binary-expr","locations":[{"start":{"line":21,"column":4},"end":{"line":21,"column":14}},{"start":{"line":22,"column":4},"end":{"line":22,"column":25}},{"start":{"line":23,"column":4},"end":{"line":23,"column":38}},{"start":{"line":24,"column":4},"end":{"line":24,"column":23}},{"start":{"line":25,"column":4},"end":{"line":25,"column":25}},{"start":{"line":26,"column":4},"end":{"line":26,"column":41}}]}}},"/Users/poornimabadrinath/Desktop/Desktopbackup/GitHub/osm-compare/comparators/name_unmatches_with_wikidata.js":{"path":"/Users/poornimabadrinath/Desktop/Desktopbackup/GitHub/osm-compare/comparators/name_unmatches_with_wikidata.js","s":{"1":1,"2":1,"3":1,"4":0,"5":0,"6":0,"7":1,"8":0,"9":0,"10":0,"11":0,"12":0,"13":0,"14":1,"15":0,"16":0,"17":0,"18":0,"19":0,"20":0,"21":0,"22":0,"23":0,"24":0,"25":0,"26":0,"27":0,"28":0,"29":0,"30":0,"31":0,"32":0},"b":{"1":[0,0],"2":[0,0,0,0],"3":[0,0],"4":[0,0,0,0],"5":[0,0],"6":[0,0],"7":[0,0],"8":[0,0],"9":[0,0],"10":[0,0],"11":[0,0],"12":[0,0,0],"13":[0,0],"14":[0,0]},"f":{"1":0,"2":0,"3":0,"4":0},"fnMap":{"1":{"name":"getWikidataName","line":7,"loc":{"start":{"line":7,"column":0},"end":{"line":7,"column":38}}},"2":{"name":"getWikidataAliasNames","line":19,"loc":{"start":{"line":19,"column":0},"end":{"line":19,"column":44}}},"3":{"name":"nameUnmatchesWithWikidata","line":35,"loc":{"start":{"line":35,"column":0},"end":{"line":35,"column":69}}},"4":{"name":"(anonymous_4)","line":57,"loc":{"start":{"line":57,"column":17},"end":{"line":57,"column":49}}}},"statementMap":{"1":{"start":{"line":3,"column":0},"end":{"line":3,"column":33}},"2":{"start":{"line":5,"column":0},"end":{"line":5,"column":43}},"3":{"start":{"line":7,"column":0},"end":{"line":17,"column":1}},"4":{"start":{"line":8,"column":2},"end":{"line":16,"column":21}},"5":{"start":{"line":14,"column":4},"end":{"line":14,"column":60}},"6":{"start":{"line":16,"column":4},"end":{"line":16,"column":21}},"7":{"start":{"line":19,"column":0},"end":{"line":33,"column":1}},"8":{"start":{"line":20,"column":2},"end":{"line":20,"column":17}},"9":{"start":{"line":21,"column":2},"end":{"line":31,"column":3}},"10":{"start":{"line":27,"column":4},"end":{"line":27,"column":59}},"11":{"start":{"line":28,"column":4},"end":{"line":30,"column":5}},"12":{"start":{"line":29,"column":6},"end":{"line":29,"column":38}},"13":{"start":{"line":32,"column":2},"end":{"line":32,"column":15}},"14":{"start":{"line":35,"column":0},"end":{"line":78,"column":1}},"15":{"start":{"line":36,"column":2},"end":{"line":36,"column":55}},"16":{"start":{"line":36,"column":26},"end":{"line":36,"column":55}},"17":{"start":{"line":39,"column":2},"end":{"line":45,"column":3}},"18":{"start":{"line":40,"column":4},"end":{"line":44,"column":35}},"19":{"start":{"line":44,"column":6},"end":{"line":44,"column":35}},"20":{"start":{"line":47,"column":2},"end":{"line":77,"column":3}},"21":{"start":{"line":51,"column":4},"end":{"line":51,"column":48}},"22":{"start":{"line":52,"column":4},"end":{"line":52,"column":55}},"23":{"start":{"line":53,"column":4},"end":{"line":55,"column":21}},"24":{"start":{"line":57,"column":4},"end":{"line":74,"column":7}},"25":{"start":{"line":58,"column":6},"end":{"line":72,"column":7}},"26":{"start":{"line":59,"column":8},"end":{"line":59,"column":47}},"27":{"start":{"line":60,"column":8},"end":{"line":60,"column":72}},"28":{"start":{"line":61,"column":8},"end":{"line":64,"column":10}},"29":{"start":{"line":66,"column":8},"end":{"line":71,"column":13}},"30":{"start":{"line":69,"column":10},"end":{"line":71,"column":13}},"31":{"start":{"line":73,"column":6},"end":{"line":73,"column":35}},"32":{"start":{"line":76,"column":4},"end":{"line":76,"column":33}}},"branchMap":{"1":{"line":8,"type":"if","locations":[{"start":{"line":8,"column":2},"end":{"line":8,"column":2}},{"start":{"line":8,"column":2},"end":{"line":8,"column":2}}]},"2":{"line":9,"type":"binary-expr","locations":[{"start":{"line":9,"column":4},"end":{"line":9,"column":38}},{"start":{"line":10,"column":4},"end":{"line":10,"column":42}},{"start":{"line":11,"column":4},"end":{"line":11,"column":54}},{"start":{"line":12,"column":4},"end":{"line":12,"column":58}}]},"3":{"line":21,"type":"if","locations":[{"start":{"line":21,"column":2},"end":{"line":21,"column":2}},{"start":{"line":21,"column":2},"end":{"line":21,"column":2}}]},"4":{"line":22,"type":"binary-expr","locations":[{"start":{"line":22,"column":4},"end":{"line":2
[...]
":8},"end":{"line":187,"column":11}},"51":{"start":{"line":151,"column":10},"end":{"line":186,"column":13}},"52":{"start":{"line":152,"column":12},"end":{"line":185,"column":13}},"53":{"start":{"line":153,"column":14},"end":{"line":153,"column":31}},"54":{"start":{"line":154,"column":14},"end":{"line":163,"column":15}},"55":{"start":{"line":155,"column":16},"end":{"line":155,"column":66}},"56":{"start":{"line":157,"column":16},"end":{"line":162,"column":18}},"57":{"start":{"line":164,"column":14},"end":{"line":184,"column":15}},"58":{"start":{"line":165,"column":16},"end":{"line":165,"column":58}},"59":{"start":{"line":166,"column":16},"end":{"line":183,"column":17}},"60":{"start":{"line":167,"column":18},"end":{"line":167,"column":27}},"61":{"start":{"line":168,"column":18},"end":{"line":177,"column":19}},"62":{"start":{"line":169,"column":20},"end":{"line":169,"column":69}},"63":{"start":{"line":171,"column":20},"end":{"line":176,"column":22}},"64":{"start":{"line":178,"column":18},"end":{"line":180,"column":19}},"65":{"start":{"line":179,"column":20},"end":{"line":179,"column":43}},"66":{"start":{"line":182,"column":18},"end":{"line":182,"column":41}},"67":{"start":{"line":190,"column":9},"end":{"line":281,"column":3}},"68":{"start":{"line":191,"column":4},"end":{"line":280,"column":7}},"69":{"start":{"line":192,"column":6},"end":{"line":279,"column":9}},"70":{"start":{"line":193,"column":8},"end":{"line":278,"column":9}},"71":{"start":{"line":194,"column":10},"end":{"line":194,"column":58}},"72":{"start":{"line":195,"column":10},"end":{"line":195,"column":42}},"73":{"start":{"line":196,"column":10},"end":{"line":196,"column":27}},"74":{"start":{"line":197,"column":10},"end":{"line":201,"column":11}},"75":{"start":{"line":198,"column":12},"end":{"line":198,"column":63}},"76":{"start":{"line":200,"column":12},"end":{"line":200,"column":29}},"77":{"start":{"line":202,"column":10},"end":{"line":277,"column":11}},"78":{"start":{"line":203,"column":12},"end":{"line":203,"column":32}},"79":{"start":{"line":204,"column":12},"end":{"line":276,"column":13}},"80":{"start":{"line":205,"column":14},"end":{"line":205,"column":51}},"81":{"start":{"line":206,"column":14},"end":{"line":215,"column":15}},"82":{"start":{"line":207,"column":16},"end":{"line":207,"column":80}},"83":{"start":{"line":209,"column":16},"end":{"line":214,"column":18}},"84":{"start":{"line":216,"column":14},"end":{"line":225,"column":15}},"85":{"start":{"line":217,"column":16},"end":{"line":217,"column":64}},"86":{"start":{"line":219,"column":16},"end":{"line":224,"column":18}},"87":{"start":{"line":226,"column":14},"end":{"line":236,"column":15}},"88":{"start":{"line":227,"column":16},"end":{"line":227,"column":58}},"89":{"start":{"line":228,"column":16},"end":{"line":233,"column":17}},"90":{"start":{"line":232,"column":18},"end":{"line":232,"column":41}},"91":{"start":{"line":234,"column":21},"end":{"line":236,"column":15}},"92":{"start":{"line":235,"column":16},"end":{"line":235,"column":39}},"93":{"start":{"line":237,"column":19},"end":{"line":276,"column":13}},"94":{"start":{"line":238,"column":14},"end":{"line":241,"column":22}},"95":{"start":{"line":242,"column":14},"end":{"line":242,"column":70}},"96":{"start":{"line":243,"column":14},"end":{"line":243,"column":39}},"97":{"start":{"line":244,"column":14},"end":{"line":253,"column":15}},"98":{"start":{"line":245,"column":16},"end":{"line":245,"column":68}},"99":{"start":{"line":247,"column":16},"end":{"line":252,"column":18}},"100":{"start":{"line":254,"column":14},"end":{"line":257,"column":15}},"101":{"start":{"line":255,"column":16},"end":{"line":255,"column":53}},"102":{"start":{"line":256,"column":16},"end":{"line":256,"column":39}},"103":{"start":{"line":258,"column":19},"end":{"line":276,"column":13}},"104":{"start":{"line":259,"column":14},"end":{"line":260,"column":22}},"105":{"start":{"line":261,"column":14},"end":{"line":261,"column":63}},"106":{"start":{"line":262,"column":14},"end":{"line":262,"column":40}},"107":{"start":{"line":263,"column":14},"end":{"line":272,"column":15}},"108":{"start":{"line":264,"column":16},"end":{"line":264,"column":78}},"109":{"start":{"line":266,"column":16},"end":{"line":271,"column":18}},"110":{"start":{"line":273,"column":14},"end":{"line":275,"column":15}},"111":{"start":{"line":274,"column":16},"end":{"line":274,"column":39}},"112":{"start":{"line":282,"column":2},"end":{"line":282,"column":18}},"113":{"start":{"line":285,"column":0},"end":{"line":294,"column":2}},"114":{"start":{"line":295,"column":0},"end":{"line":302,"column":2}},"115":{"start":{"line":303,"column":0},"end":{"line":313,"column":2}},"116":{"start":{"line":315,"column":0},"end":{"line":332,"column":1}},"117":{"start":{"line":316,"column":2},"end":{"line":318,"column":12}},"118":{"start":{"line":319,"column":2},"end":{"line":319,"column":64}},"119":{"start":{"line":320,"column":2},"end":{"line":322,"column":12}},"120":{"start":{"line":323,"column":2},"end":{"line":326,"column":12}},"121":{"start":{"line":327,"column":2},"end":{"line":330,"column":12}},"122":{"start":{"line":331,"column":2},"end":{"line":331,"column":67}}},"branchMap":{"1":{"line":87,"type":"if","locations":[{"start":{"line":87,"column":2},"end":{"line":87,"column":2}},{"start":{"line":87,"column":2},"end":{"line":87,"column":2}}]},"2":{"line":88,"type":"binary-expr","locations":[{"start":{"line":88,"column":4},"end":{"line":88,"column":23}},{"start":{"line":89,"column":4},"end":{"line":89,"column":23}},{"start":{"line":90,"column":4},"end":{"line":90,"column":25}},{"start":{"line":91,"column":4},"end":{"line":91,"column":30}},{"start":{"line":92,"column":4},"end":{"line":92,"column":37}},{"start":{"line":93,"column":4},"end":{"line":93,"column":49}}]},"3":{"line":99,"type":"if","locations":[{"start":{"line":99,"column":4},"end":{"line":99,"column":4}},{"start":{"line":99,"column":4},"end":{"line":99,"column":4}}]},"4":{"line":103,"type":"if","locations":[{"start":{"line":103,"column":4},"end":{"line":103,"column":4}},{"start":{"line":103,"column":4},"end":{"line":103,"column":4}}]},"5":{"line":104,"type":"binary-expr","locations":[{"start":{"line":104,"column":6},"end":{"line":104,"column":57}},{"start":{"line":105,"column":6},"end":{"line":105,"column":49}}]},"6":{"line":125,"type":"if","locations":[{"start":{"line":125,"column":6},"end":{"line":125,"column":6}},{"start":{"line":125,"column":6},"end":{"line":125,"column":6}}]},"7":{"line":130,"type":"if","locations":[{"start":{"line":130,"column":6},"end":{"line":130,"column":6}},{"start":{"line":130,"column":6},"end":{"line":130,"column":6}}]},"8":{"line":144,"type":"if","locations":[{"start":{"line":144,"column":2},"end":{"line":144,"column":2}},{"start":{"line":144,"column":2},"end":{"line":144,"column":2}}]},"9":{"line":148,"type":"if","locations":[{"start":{"line":148,"column":4},"end":{"line":148,"column":4}},{"start":{"line":148,"column":4},"end":{"line":148,"column":4}}]},"10":{"line":152,"type":"if","locations":[{"start":{"line":152,"column":12},"end":{"line":152,"column":12}},{"start":{"line":152,"column":12},"end":{"line":152,"column":12}}]},"11":{"line":164,"type":"if","locations":[{"start":{"line":164,"column":14},"end":{"line":164,"column":14}},{"start":{"line":164,"column":14},"end":{"line":164,"column":14}}]},"12":{"line":166,"type":"if","locations":[{"start":{"line":166,"column":16},"end":{"line":166,"column":16}},{"start":{"line":166,"column":16},"end":{"line":166,"column":16}}]},"13":{"line":178,"type":"if","locations":[{"start":{"line":178,"column":18},"end":{"line":178,"column":18}},{"start":{"line":178,"column":18},"end":{"line":178,"column":18}}]},"14":{"line":190,"type":"if","locations":[{"start":{"line":190,"column":9},"end":{"line":190,"column":9}},{"start":{"line":190,"column":9},"end":{"line":190,"column":9}}]},"15":{"line":193,"type":"if","locations":[{"start":{"line":193,"column":8},"end":{"line":193,"column":8}},{"start":{"line":193,"column":8},"end":{"line":193,"column":8}}]},"16":{"line":202,"type":"if","locations":[{"start":{"line":202,"column":10},"end":{"line":202,"column":10}},{"start":{"line":202,"column":10},"end":{"line":202,"column":10}}]},"17":{"line":204,"type":"if","locations":[{"start":{"line":204,"column":12},"end":{"line":204,"column":12}},{"start":{"line":204,"column":12},"end":{"line":204,"column":12}}]},"18":{"line":204,"type":"binary-expr","locations":[{"start":{"line":204,"column":16},"end":{"line":204,"column":39}},{"start":{"line":204,"column":43},"end":{"line":204,"column":58}}]},"19":{"line":226,"type":"if","locations":[{"start":{"line":226,"column":14},"end":{"line":226,"column":14}},{"start":{"line":226,"column":14},"end":{"line":226,"column":14}}]},"20":{"line":226,"type":"binary-expr","locations":[{"start":{"line":226,"column":18},"end":{"line":226,"column":37}},{"start":{"line":226,"column":41},"end":{"line":226,"column":52}}]},"21":{"line":228,"type":"if","locations":[{"start":{"line":228,"column":16},"end":{"line":228,"column":16}},{"start":{"line":228,"column":16},"end":{"line":228,"column":16}}]},"22":{"line":229,"type":"binary-expr","locations":[{"start":{"line":229,"column":18},"end":{"line":229,"column":62}},{"start":{"line":230,"column":18},"end":{"line":230,"column":54}}]},"23":{"line":234,"type":"if","locations":[{"start":{"line":234,"column":21},"end":{"line":234,"column":21}},{"start":{"line":234,"column":21},"end":{"line":234,"column":21}}]},"24":{"line":234,"type":"binary-expr","locations":[{"start":{"line":234,"column":25},"end":{"line":234,"column":44}},{"start":{"line":234,"column":48},"end":{"line":234,"column":60}}]},"25":{"line":237,"type":"if","locations":[{"start":{"line":237,"column":19},"end":{"line":237,"column":19}},{"start":{"line":237,"column":19},"end":{"line":237,"column":19}}]},"26":{"line":237,"type":"binary-expr","locations":[{"start":{"line":237,"column":23},"end":{"line":237,"column":46}},{"start":{"line":237,"column":50},"end":{"line":237,"column":67}}]},"27":{"line":254,"type":"if","locations":[{"start":{"line":254,"column":14},"end":{"line":254,"column":14}},{"start":{"line":254,"column":14},"end":{"line":254,"column":14}}]},"28":{"line":258,"type":"if","locations":[{"start":{"line":258,"column":19},"end":{"line":258,"column":19}},{"start":{"line":258,"column":19},"end":{"line":258,"column":19}}]},"29":{"line":258,"type":"binary-expr","locations":[{"start":{"line":258,"column":23},"end":{"line":258,"column":48}},{"start":{"line":258,"column":52},"end":{"line":258,"column":67}}]},"30":{"line":273,"type":"if","locations":[{"start":{"line":273,"column":14},"end":{"line":273,"column":14}},{"start":{"line":273,"column":14},"end":{"line":273,"column":14}}]},"31":{"line":316,"type":"cond-expr","locations":[{"start":{"line":317,"column":6},"end":{"line":317,"column":39}},{"start":{"line":318,"column":6},"end":{"line":318,"column":11}}]},"32":{"line":319,"type":"cond-expr","locations":[{"start":{"line":319,"column":33},"end":{"line":319,"column":55}},{"start":{"line":319,"column":58},"end":{"line":319,"column":63}}]},"33":{"line":320,"type":"cond-expr","locations":[{"start":{"line":321,"column":6},"end":{"line":321,"column":37}},{"start":{"line":322,"column":6},"end":{"line":322,"column":11}}]},"34":{"line":323,"type":"cond-expr","locations":[{"start":{"line":324,"column":6},"end":{"line":325,"column":61}},{"start":{"line":326,"column":6},"end":{"line":326,"column":11}}]},"35":{"line":324,"type":"binary-expr","locations":[{"start":{"line":324,"column":6},"end":{"line":324,"column":56}},{"start":{"line":325,"column":8},"end":{"line":325,"column":61}}]},"36":{"line":327,"type":"cond-expr","locations":[{"start":{"line":328,"column":6},"end":{"line":329,"column":61}},{"start":{"line":330,"column":6},"end":{"line":330,"column":11}}]},"37":{"line":328,"type":"binary-expr","locations":[{"start":{"line":328,"column":6},"end":{"line":328,"column":58}},{"start":{"line":329,"column":8},"end":{"line":329,"column":61}}]},"38":{"line":331,"type":"binary-expr","locations":[{"start":{"line":331,"column":9},"end":{"line":331,"column":20}},{"start":{"line":331,"column":24},"end":{"line":331,"column":29}},{"start":{"line":331,"column":33},"end":{"line":331,"column":42}},{"start":{"line":331,"column":46},"end":{"line":331,"column":50}},{"start":{"line":331,"column":54},"end":{"line":331,"column":66}}]}}},"/Users/poornimabadrinath/Desktop/Desktopbackup/GitHub/osm-compare/lib/get_vector_tile_features.js":{"path":"/Users/poornimabadrinath/Desktop/Desktopbackup/GitHub/osm-compare/lib/get_vector_tile_features.js","s":{"1":1,"2":1,"3":1,"4":1,"5":0,"6":0,"7":0,"8":0,"9":0,"10":1,"11":0,"12":0,"13":0,"14":0,"15":0,"16":0,"17":0,"18":1,"19":0,"20":0,"21":0,"22":0,"23":0,"24":0,"25":0,"26":1},"b":{"1":[0,0],"2":[0,0],"3":[0,0],"4":[0,0]},"f":{"1":0,"2":0,"3":0,"4":0,"5":0,"6":0,"7":0,"8":0},"fnMap":{"1":{"name":"(anonymous_1)","line":7,"loc":{"start":{"line":7,"column":23},"end":{"line":7,"column":59}}},"2":{"name":"(anonymous_2)","line":20,"loc":{"start":{"line":20,"column":4},"end":{"line":20,"column":26}}},"3":{"name":"(anonymous_3)","line":27,"loc":{"start":{"line":27,"column":31},"end":{"line":27,"column":67}}},"4":{"name":"(anonymous_4)","line":30,"loc":{"start":{"line":30,"column":4},"end":{"line":30,"column":23}}},"5":{"name":"(anonymous_5)","line":34,"loc":{"start":{"line":34,"column":4},"end":{"line":34,"column":26}}},"6":{"name":"(anonymous_6)","line":41,"loc":{"start":{"line":41,"column":28},"end":{"line":41,"column":62}}},"7":{"name":"(anonymous_7)","line":43,"loc":{"start":{"line":43,"column":16},"end":{"line":43,"column":31}}},"8":{"name":"(anonymous_8)","line":46,"loc":{"start":{"line":46,"column":17},"end":{"line":46,"column":40}}}},"statementMap":{"1":{"start":{"line":3,"column":0},"end":{"line":3,"column":29}},"2":{"start":{"line":4,"column":0},"end":{"line":4,"column":47}},"3":{"start":{"line":5,"column":0},"end":{"line":5,"column":33}},"4":{"start":{"line":7,"column":0},"end":{"line":25,"column":2}},"5":{"start":{"line":8,"column":2},"end":{"line":14,"column":113}},"6":{"start":{"line":15,"column":2},"end":{"line":24,"column":4}},"7":{"start":{"line":21,"column":6},"end":{"line":21,"column":42}},"8":{"start":{"line":21,"column":15},"end":{"line":21,"column":42}},"9":{"start":{"line":22,"column":6},"end":{"line":22,"column":36}},"10":{"start":{"line":27,"column":0},"end":{"line":39,"column":2}},"11":{"start":{"line":28,"column":2},"end":{"line":38,"column":4}},"12":{"start":{"line":31,"column":6},"end":{"line":31,"column":51}},"13":{"start":{"line":31,"column":24},"end":{"line":31,"column":51}},"14":{"start":{"line":32,"column":6},"end":{"line":32,"column":46}},"15":{"start":{"line":35,"column":6},"end":{"line":36,"column":41}},"16":{"start":{"line":35,"column":15},"end":{"line":35,"column":42}},"17":{"start":{"line":36,"column":11},"end":{"line":36,"column":41}},"18":{"start":{"line":41,"column":0},"end":{"line":50,"column":2}},"19":{"start":{"line":42,"column":2},"end":{"line":42,"column":26}},"20":{"start":{"line":43,"column":2},"end":{"line":45,"column":5}},"21":{"start":{"line":44,"column":4},"end":{"line":44,"column":77}},"22":{"start":{"line":46,"column":2},"end":{"line":49,"column":5}},"23":{"start":{"line":47,"column":4},"end":{"line":47,"column":40}},"24":{"start":{"line":47,"column":13},"end":{"line":47,"column":40}},"25":{"start":{"line":48,"column":4},"end":{"line":48,"column":35}},"26":{"start":{"line":52,"column":0},"end":{"line":52,"column":39}}},"branchMap":{"1":{"line":21,"type":"if","locations":[{"start":{"line":21,"column":6},"end":{"line":21,"column":6}},{"start":{"line":21,"column":6},"end":{"line":21,"column":6}}]},"2":{"line":31,"type":"if","locations":[{"start":{"line":31,"column":6},"end":{"line":31,"column":6}},{"start":{"line":31,"column":6},"end":{"line":31,"column":6}}]},"3":{"line":35,"type":"if","locations":[{"start":{"line":35,"column":6},"end":{"line":35,"column":6}},{"start":{"line":35,"column":6},"end":{"line":35,"column":6}}]},"4":{"line":47,"type":"if","locations":[{"start":{"line":47,"column":4},"end":{"line":47,"column":4}},{"start":{"line":47,"column":4},"end":{"line":47,"column":4}}]}}},"/Users/poornimabadrinath/Desktop/Desktopbackup/GitHub/osm-compare/comparators/triangular_shapes.js":{"path":"/Users/poornimabadrinath/Desktop/Desktopbackup/GitHub/osm-compare/comparators/triangular_shapes.js","s":{"1":1,"2":1,"3":0,"4":0,"5":0,"6":0,"7":0,"8":0},"b":{"1":[0,0],"2":[0,0],"3":[0,0],"4":[0,0],"5":[0,0],"6":[0,0],"7":[0,0],"8":[0,0]},"f":{"1":0},"fnMap":{"1":{"name":"significant_feature","line":4,"loc":{"start":{"line":4,"column":0},"end":{"line":4,"column":53}}}},"statementMap":{"1":{"start":{"line":2,"column":0},"end":{"line":2,"column":37}},"2":{"start":{"line":4,"column":0},"end":{"line":38,"column":1}},"3":{"start":{"line":6,"column":2},"end":{"line":9,"column":3}},"4":{"start":{"line":8,"column":4},"end":{"line":8,"column":17}},"5":{"start":{"line":10,"column":2},"end":{"line":31,"column":3}},"6":{"start":{"line":19,"column":9},"end":{"line":31,"column":3}},"7":{"start":{"line":25,"column":9},"end":{"line":31,"column":3}},"8":{"start":{"line":37,"column":2},"end":{"line":37,"column":15}}},"branchMap":{"1":{"line":6,"type":"if","locations":[{"start":{"line":6,"column":2},"end":{"line":6,"column":2}},{"start":{"line":6,"column":2},"end":{"line":6,"column":2}}]},"2":{"line":6,"type":"binary-expr","locations":[{"start":{"line":6,"column":6},"end":{"line":6,"column":24}},{"start":{"line":6,"column":28},"end":{"line":6,"column":39}}]},"3":{"line":10,"type":"if","locations":[{"start":{"line":10,"column":2},"end":{"line":10,"column":2}},{"start":{"line":10,"column":2},"end":{"line":10,"column":2}}]},"4":{"line":10,"type":"binary-expr","locations":[{"start":{"line":10,"column":6},"end":{"line":10,"column":16}},{"start":{"line":10,"column":20},"end":{"line":10,"column":30}}]},"5":{"line":19,"type":"if","locations":[{"start":{"line":19,"column":9},"end":{"line":19,"column":9}},{"start":{"line":19,"column":9},"end":{"line":19,"column":9}}]},"6":{"line":19,"type":"binary-expr","locations":[{"start":{"line":19,"column":13},"end":{"line":19,"column":23}},{"start":{"line":19,"column":27},"end":{"line":19,"column":38}}]},"7":{"line":25,"type":"if","locations":[{"start":{"line":25,"column":9},"end":{"line":25,"column":9}},{"start":{"line":25,"column":9},"end":{"line":25,"column":9}}]},"8":{"line":25,"type":"binary-expr","locations":[{"start":{"line":25,"column":13},"end":{"line":25,"column":31}},{"start":{"line":25,"column":35},"end":{"line":25,"column":45}}]}}},"/Users/poornimabadrinath/Desktop/Desktopbackup/GitHub/osm-compare/comparators/rare_critical_feature_created.js":{"path":"/Users/poornimabadrinath/Desktop/Desktopbackup/GitHub/osm-compare/comparators/rare_critical_feature_created.js","s":{"1":1,"2":1,"3":1,"4":1,"5":1,"6":0,"7":0,"8":0},"b":{"1":[0,0],"2":[0,0,0]},"f":{"1":0},"fnMap":{"1":{"name":"rareCriticalFeatureCreated","line":20,"loc":{"start":{"line":20,"column":0},"end":{"line":20,"column":70}}}},"statementMap":{"1":{"start":{"line":3,"column":0},"end":{"line":3,"column":46}},"2":{"start":{"line":5,"column":0},"end":{"line":5,"column":44}},"3":{"start":{"line":7,"column":0},"end":{"line":16,"column":2}},"4":{"start":{"line":18,"column":0},"end":{"line":18,"column":49}},"5":{"start":{"line":20,"column":0},"end":{"line":32,"column":1}},"6":{"start":{"line":21,"column":2},"end":{"line":30,"column":3}},"7":{"start":{"line":26,"column":4},"end":{"line":29,"column":6}},"8":{"start":{"line":31,"column":2},"end":{"line":31,"column":15}}},"branchMap":{"1":{"line":21,"type":"if","locations":[{"start":{"line":21,"column":2},"end":{"line":21,"column":2}},{"start":{"line":21,"column":2},"end":{"line":21,"column":2}}]},"2":{"line":22,"type":"binary-expr","locations":[{"start":{"line":22,"column":4},"end":{"line":22,"column":23}},{"start":{"line":23,"column":4},"end":{"line":23,"column":49}},{"start":{"line":24,"column":4},"end":{"line":24,"column":30}}]}}}}